{"/Users/victor/work/lendsqr-test/src/test/specs/integration/routes.auth.spec.js":{"path":"/Users/victor/work/lendsqr-test/src/test/specs/integration/routes.auth.spec.js","statementMap":{"0":{"start":{"line":3,"column":17},"end":{"line":3,"column":61}},"1":{"start":{"line":5,"column":18},"end":{"line":5,"column":64}},"2":{"start":{"line":7,"column":13},"end":{"line":7,"column":53}},"3":{"start":{"line":9,"column":12},"end":{"line":9,"column":51}},"4":{"start":{"line":11,"column":13},"end":{"line":11,"column":30}},"5":{"start":{"line":13,"column":14},"end":{"line":13,"column":55}},"6":{"start":{"line":15,"column":12},"end":{"line":15,"column":72}},"7":{"start":{"line":17,"column":12},"end":{"line":17,"column":72}},"8":{"start":{"line":19,"column":19},"end":{"line":19,"column":80}},"9":{"start":{"line":21,"column":13},"end":{"line":21,"column":73}},"10":{"start":{"line":23,"column":39},"end":{"line":23,"column":93}},"11":{"start":{"line":25,"column":0},"end":{"line":25,"column":30}},"12":{"start":{"line":34,"column":15},"end":{"line":34,"column":37}},"13":{"start":{"line":36,"column":0},"end":{"line":82,"column":3}},"14":{"start":{"line":37,"column":2},"end":{"line":45,"column":5}},"15":{"start":{"line":38,"column":4},"end":{"line":44,"column":7}},"16":{"start":{"line":39,"column":6},"end":{"line":43,"column":9}},"17":{"start":{"line":40,"column":8},"end":{"line":42,"column":11}},"18":{"start":{"line":41,"column":10},"end":{"line":41,"column":17}},"19":{"start":{"line":46,"column":2},"end":{"line":50,"column":5}},"20":{"start":{"line":47,"column":4},"end":{"line":49,"column":7}},"21":{"start":{"line":48,"column":6},"end":{"line":48,"column":13}},"22":{"start":{"line":51,"column":2},"end":{"line":81,"column":5}},"23":{"start":{"line":52,"column":4},"end":{"line":62,"column":7}},"24":{"start":{"line":53,"column":32},"end":{"line":57,"column":7}},"25":{"start":{"line":58,"column":18},"end":{"line":58,"column":96}},"26":{"start":{"line":59,"column":6},"end":{"line":59,"column":52}},"27":{"start":{"line":60,"column":6},"end":{"line":60,"column":42}},"28":{"start":{"line":61,"column":6},"end":{"line":61,"column":50}},"29":{"start":{"line":63,"column":4},"end":{"line":80,"column":7}},"30":{"start":{"line":64,"column":32},"end":{"line":68,"column":7}},"31":{"start":{"line":69,"column":18},"end":{"line":69,"column":96}},"32":{"start":{"line":72,"column":10},"end":{"line":72,"column":28}},"33":{"start":{"line":75,"column":10},"end":{"line":75,"column":28}},"34":{"start":{"line":76,"column":6},"end":{"line":76,"column":61}},"35":{"start":{"line":77,"column":6},"end":{"line":77,"column":43}},"36":{"start":{"line":78,"column":6},"end":{"line":78,"column":43}},"37":{"start":{"line":79,"column":6},"end":{"line":79,"column":59}}},"fnMap":{"0":{"name":"_interopRequireDefault","decl":{"start":{"line":23,"column":9},"end":{"line":23,"column":31}},"loc":{"start":{"line":23,"column":37},"end":{"line":23,"column":95}},"line":23},"1":{"name":"(anonymous_1)","decl":{"start":{"line":36,"column":27},"end":{"line":36,"column":28}},"loc":{"start":{"line":36,"column":33},"end":{"line":82,"column":1}},"line":36},"2":{"name":"(anonymous_2)","decl":{"start":{"line":37,"column":13},"end":{"line":37,"column":14}},"loc":{"start":{"line":37,"column":21},"end":{"line":45,"column":3}},"line":37},"3":{"name":"(anonymous_3)","decl":{"start":{"line":38,"column":43},"end":{"line":38,"column":44}},"loc":{"start":{"line":38,"column":49},"end":{"line":44,"column":5}},"line":38},"4":{"name":"(anonymous_4)","decl":{"start":{"line":39,"column":43},"end":{"line":39,"column":44}},"loc":{"start":{"line":39,"column":55},"end":{"line":43,"column":7}},"line":39},"5":{"name":"(anonymous_5)","decl":{"start":{"line":40,"column":39},"end":{"line":40,"column":40}},"loc":{"start":{"line":40,"column":45},"end":{"line":42,"column":9}},"line":40},"6":{"name":"(anonymous_6)","decl":{"start":{"line":46,"column":12},"end":{"line":46,"column":13}},"loc":{"start":{"line":46,"column":20},"end":{"line":50,"column":3}},"line":46},"7":{"name":"(anonymous_7)","decl":{"start":{"line":47,"column":43},"end":{"line":47,"column":44}},"loc":{"start":{"line":47,"column":49},"end":{"line":49,"column":5}},"line":47},"8":{"name":"(anonymous_8)","decl":{"start":{"line":51,"column":40},"end":{"line":51,"column":41}},"loc":{"start":{"line":51,"column":46},"end":{"line":81,"column":3}},"line":51},"9":{"name":"(anonymous_9)","decl":{"start":{"line":52,"column":31},"end":{"line":52,"column":32}},"loc":{"start":{"line":52,"column":43},"end":{"line":62,"column":5}},"line":52},"10":{"name":"(anonymous_10)","decl":{"start":{"line":63,"column":34},"end":{"line":63,"column":35}},"loc":{"start":{"line":63,"column":46},"end":{"line":80,"column":5}},"line":63}},"branchMap":{"0":{"loc":{"start":{"line":23,"column":46},"end":{"line":23,"column":92}},"type":"cond-expr","locations":[{"start":{"line":23,"column":70},"end":{"line":23,"column":73}},{"start":{"line":23,"column":76},"end":{"line":23,"column":92}}],"line":23},"1":{"loc":{"start":{"line":23,"column":46},"end":{"line":23,"column":67}},"type":"binary-expr","locations":[{"start":{"line":23,"column":46},"end":{"line":23,"column":49}},{"start":{"line":23,"column":53},"end":{"line":23,"column":67}}],"line":23}},"s":{"0":1,"1":1,"2":1,"3":1,"4":1,"5":1,"6":1,"7":1,"8":1,"9":1,"10":9,"11":1,"12":1,"13":1,"14":1,"15":2,"16":2,"17":2,"18":2,"19":1,"20":2,"21":2,"22":1,"23":1,"24":1,"25":1,"26":1,"27":1,"28":1,"29":1,"30":1,"31":1,"32":1,"33":1,"34":1,"35":1,"36":1,"37":1},"f":{"0":9,"1":1,"2":2,"3":2,"4":2,"5":2,"6":2,"7":2,"8":1,"9":1,"10":1},"b":{"0":[4,5],"1":[9,9]},"inputSourceMap":{"version":3,"sources":["routes.auth.spec.js"],"names":["process","env","NODE_ENV","should","chai","describe","beforeEach","done","client","migrate","rollback","then","latest","seed","run","afterEach","it","newAccountPayload","fullName","email","password","res","authAction","login","status","eql","OK","body","data","be","a","have","property","errors","BAD_REQUEST"],"mappings":";;AAMA;;AACA;;AACA;;AACA;;AACA;;AACA;;AACA;;AACA;;AACA;;AACA;;;;AAfAA,OAAO,CAACC,GAAR,CAAYC,QAAZ,GAAuB,MAAvB;AACA;;AACA;;AACA;;AACA;;AAaA,MAAMC,MAAM,GAAGC,cAAKD,MAAL,EAAf;;AAEAE,QAAQ,CAAC,gBAAD,EAAmB,MAAM;AAC7BC,EAAAA,UAAU,CAAEC,IAAD,IAAU;AACjBC,mBAAOC,OAAP,CAAeC,QAAf,GAA0BC,IAA1B,CAA+B,MAAM;AACjCH,qBAAOC,OAAP,CAAeG,MAAf,GAAwBD,IAAxB,CAA6B,YAAY;AACrCH,uBAAOK,IAAP,CAAYC,GAAZ,GAAkBH,IAAlB,CAAuB,MAAM;AACzBJ,UAAAA,IAAI;AACP,SAFD;AAGH,OAJD;AAKH,KAND;AAOH,GARS,CAAV;AAUAQ,EAAAA,SAAS,CAAER,IAAD,IAAU;AAChBC,mBAAOC,OAAP,CAAeC,QAAf,GAA0BC,IAA1B,CAA+B,MAAM;AACjCJ,MAAAA,IAAI;AACP,KAFD;AAGH,GAJQ,CAAT;AAKAF,EAAAA,QAAQ,CAAC,2BAAD,EAA8B,MAAM;AACxCW,IAAAA,EAAE,CAAC,sBAAD,EAAyB,YAAY;AACnC,YAAMC,iBAAiB,GAAG;AACtBC,QAAAA,QAAQ,EAAE,UADY;AAEtBC,QAAAA,KAAK,EAAE,qBAFe;AAGtBC,QAAAA,QAAQ,EAAE;AAHY,OAA1B;AAKA,YAAMC,GAAG,GAAG,MAAMC,cAAWC,KAAX,CACdN,iBAAiB,CAACG,QADJ,EAEdH,iBAAiB,CAACE,KAFJ,CAAlB;AAIAE,MAAAA,GAAG,CAACG,MAAJ,CAAWrB,MAAX,CAAkBsB,GAAlB,CAAsBD,oBAAOE,EAA7B;AACAL,MAAAA,GAAG,CAACM,IAAJ,CAASC,IAAT,CAAczB,MAAd,CAAqB0B,EAArB,CAAwBC,CAAxB,CAA0B,QAA1B;AACAT,MAAAA,GAAG,CAACM,IAAJ,CAASC,IAAT,CAAczB,MAAd,CAAqB4B,IAArB,CAA0BC,QAA1B,CAAmC,OAAnC;AACH,KAbC,CAAF;AAcAhB,IAAAA,EAAE,CAAC,yBAAD,EAA4B,YAAY;AACtC,YAAMC,iBAAiB,GAAG;AACtBC,QAAAA,QAAQ,EAAE,UADY;AAEtBC,QAAAA,KAAK,EAAE,WAFe;AAGtBC,QAAAA,QAAQ,EAAE;AAHY,OAA1B;AAKA,YAAMC,GAAG,GAAG,MAAMC,cAAWC,KAAX,CACdN,iBAAiB,CAACG,QADJ,EAEdH,iBAAiB,CAACE,KAFJ,CAAlB;AAIA,YAAM;AAAEA,QAAAA;AAAF,UAAYE,GAAG,CAACM,IAAJ,CAASM,MAAT,CAAgB,CAAhB,CAAlB;AACA,YAAM;AAAEb,QAAAA;AAAF,UAAeC,GAAG,CAACM,IAAJ,CAASM,MAAT,CAAgB,CAAhB,CAArB;AACAZ,MAAAA,GAAG,CAACG,MAAJ,CAAWrB,MAAX,CAAkBsB,GAAlB,CAAsBD,oBAAOU,WAA7B;AACAb,MAAAA,GAAG,CAACM,IAAJ,CAASM,MAAT,CAAgB9B,MAAhB,CAAuB0B,EAAvB,CAA0BC,CAA1B,CAA4B,OAA5B;AACAX,MAAAA,KAAK,CAAChB,MAAN,CAAasB,GAAb,CAAiB,kBAAjB;AACAL,MAAAA,QAAQ,CAACjB,MAAT,CAAgBsB,GAAhB,CAAoB,+BAApB;AACH,KAhBC,CAAF;AAiBH,GAhCO,CAAR;AAiCH,CAjDO,CAAR","sourceRoot":"/Users/victor/work/lendsqr-test/src/test/specs/integration/","sourcesContent":["process.env.NODE_ENV = 'test'\n/* eslint-disable import/first */\n/* eslint-disable no-console */\n/* eslint-disable no-unused-vars */\n/* eslint-disable no-undef */\n\nimport request from 'supertest'\nimport status from 'http-status'\nimport mocha from 'mocha'\nimport chai from 'chai'\nimport { uuid } from 'uuidv4'\nimport bycrypt from 'bcrypt'\nimport UserAction from '../../actions/routes/user'\nimport authAction from '../../actions/routes/auth'\nimport userPayload from '../../testData/payloadData'\nimport client from '../../../repository/index'\n\nconst should = chai.should()\n\ndescribe('routes testing', () => {\n    beforeEach((done) => {\n        client.migrate.rollback().then(() => {\n            client.migrate.latest().then(async () => {\n                client.seed.run().then(() => {\n                    done()\n                })\n            })\n        })\n    })\n\n    afterEach((done) => {\n        client.migrate.rollback().then(() => {\n            done()\n        })\n    })\n    describe('POST Request: /auth/login', () => {\n        it('authenticate a user ', async () => {\n            const newAccountPayload = {\n                fullName: 'testUser',\n                email: 'testuser1@gmail.com',\n                password: 'welcome@1',\n            }\n            const res = await authAction.login(\n                newAccountPayload.password,\n                newAccountPayload.email\n            )\n            res.status.should.eql(status.OK)\n            res.body.data.should.be.a('object')\n            res.body.data.should.have.property('token')\n        })\n        it('should return an error ', async () => {\n            const newAccountPayload = {\n                fullName: 'testUser',\n                email: 'testuser1',\n                password: 'welcom',\n            }\n            const res = await authAction.login(\n                newAccountPayload.password,\n                newAccountPayload.email\n            )\n            const { email } = res.body.errors[0]\n            const { password } = res.body.errors[1]\n            res.status.should.eql(status.BAD_REQUEST)\n            res.body.errors.should.be.a('array')\n            email.should.eql('must be an email')\n            password.should.eql('must be at least 8 chars long')\n        })\n    })\n})\n"]},"_coverageSchema":"1a1c01bbd47fc00a2c39e90264f33305004495a9","hash":"6ccd6ab42a8412c8789760b8b883f128e405cd75","contentHash":"948a32232b3a97fc914d255932def6e0ae8adb63cf750140f4c712976abee81b"},"/Users/victor/work/lendsqr-test/src/test/actions/routes/user.js":{"path":"/Users/victor/work/lendsqr-test/src/test/actions/routes/user.js","statementMap":{"0":{"start":{"line":3,"column":0},"end":{"line":5,"column":3}},"1":{"start":{"line":6,"column":0},"end":{"line":6,"column":25}},"2":{"start":{"line":8,"column":17},"end":{"line":8,"column":61}},"3":{"start":{"line":10,"column":18},"end":{"line":10,"column":64}},"4":{"start":{"line":12,"column":19},"end":{"line":12,"column":75}},"5":{"start":{"line":14,"column":17},"end":{"line":14,"column":70}},"6":{"start":{"line":16,"column":11},"end":{"line":16,"column":58}},"7":{"start":{"line":18,"column":39},"end":{"line":18,"column":93}},"8":{"start":{"line":26,"column":19},"end":{"line":32,"column":1}},"9":{"start":{"line":27,"column":14},"end":{"line":29,"column":11}},"10":{"start":{"line":31,"column":2},"end":{"line":31,"column":13}},"11":{"start":{"line":34,"column":22},"end":{"line":41,"column":1}},"12":{"start":{"line":35,"column":14},"end":{"line":38,"column":11}},"13":{"start":{"line":40,"column":2},"end":{"line":40,"column":13}},"14":{"start":{"line":43,"column":22},"end":{"line":49,"column":1}},"15":{"start":{"line":44,"column":14},"end":{"line":46,"column":11}},"16":{"start":{"line":48,"column":2},"end":{"line":48,"column":13}},"17":{"start":{"line":51,"column":22},"end":{"line":55,"column":1}},"18":{"start":{"line":52,"column":14},"end":{"line":52,"column":109}},"19":{"start":{"line":54,"column":2},"end":{"line":54,"column":13}},"20":{"start":{"line":57,"column":15},"end":{"line":62,"column":1}},"21":{"start":{"line":63,"column":0},"end":{"line":63,"column":27}}},"fnMap":{"0":{"name":"_interopRequireDefault","decl":{"start":{"line":18,"column":9},"end":{"line":18,"column":31}},"loc":{"start":{"line":18,"column":37},"end":{"line":18,"column":95}},"line":18},"1":{"name":"(anonymous_1)","decl":{"start":{"line":26,"column":19},"end":{"line":26,"column":20}},"loc":{"start":{"line":26,"column":44},"end":{"line":32,"column":1}},"line":26},"2":{"name":"(anonymous_2)","decl":{"start":{"line":34,"column":22},"end":{"line":34,"column":23}},"loc":{"start":{"line":34,"column":57},"end":{"line":41,"column":1}},"line":34},"3":{"name":"(anonymous_3)","decl":{"start":{"line":43,"column":22},"end":{"line":43,"column":23}},"loc":{"start":{"line":43,"column":47},"end":{"line":49,"column":1}},"line":43},"4":{"name":"(anonymous_4)","decl":{"start":{"line":51,"column":22},"end":{"line":51,"column":23}},"loc":{"start":{"line":51,"column":37},"end":{"line":55,"column":1}},"line":51}},"branchMap":{"0":{"loc":{"start":{"line":18,"column":46},"end":{"line":18,"column":92}},"type":"cond-expr","locations":[{"start":{"line":18,"column":70},"end":{"line":18,"column":73}},{"start":{"line":18,"column":76},"end":{"line":18,"column":92}}],"line":18},"1":{"loc":{"start":{"line":18,"column":46},"end":{"line":18,"column":67}},"type":"binary-expr","locations":[{"start":{"line":18,"column":46},"end":{"line":18,"column":49}},{"start":{"line":18,"column":53},"end":{"line":18,"column":67}}],"line":18}},"s":{"0":1,"1":1,"2":1,"3":1,"4":1,"5":1,"6":1,"7":5,"8":1,"9":6,"10":6,"11":1,"12":2,"13":2,"14":1,"15":2,"16":2,"17":1,"18":3,"19":3,"20":1,"21":1},"f":{"0":5,"1":6,"2":2,"3":2,"4":3},"b":{"0":[3,2],"1":[5,5]},"inputSourceMap":{"version":3,"sources":["user.js"],"names":["fundWallet","amount","token","res","baseActions","sendPOSTRequest1","app","urlMapper","FUND_WALLET","transferFunds","walletId","TRANSFER_FUNDS","withdrawFunds","WITHDRAW_FUNDS","getUserAcount","sendGETRequest","GET_ACCOUNT_DETAIL"],"mappings":";;;;;;;AAIA;;AACA;;AACA;;AACA;;AACA;;;;AARA;;AACA;;AACA;AACA;AAOA,MAAMA,UAAU,GAAG,OAAOC,MAAP,EAAeC,KAAf,KAAyB;AACxC,QAAMC,GAAG,GAAGC,qBAAYC,gBAAZ,CACRC,YADQ,EAERC,mBAAUC,WAFF,EAGR;AACIP,IAAAA;AADJ,GAHQ,EAMRC,KANQ,CAAZ;;AAQA,SAAOC,GAAP;AACH,CAVD;;AAYA,MAAMM,aAAa,GAAG,OAAOR,MAAP,EAAeS,QAAf,EAAyBR,KAAzB,KAAmC;AACrD,QAAMC,GAAG,GAAGC,qBAAYC,gBAAZ,CACRC,YADQ,EAERC,mBAAUI,cAFF,EAGR;AACIV,IAAAA,MADJ;AAEIS,IAAAA;AAFJ,GAHQ,EAORR,KAPQ,CAAZ;;AASA,SAAOC,GAAP;AACH,CAXD;;AAaA,MAAMS,aAAa,GAAG,OAAOX,MAAP,EAAeC,KAAf,KAAyB;AAC3C,QAAMC,GAAG,GAAGC,qBAAYC,gBAAZ,CACRC,YADQ,EAERC,mBAAUM,cAFF,EAGR;AACIZ,IAAAA;AADJ,GAHQ,EAMRC,KANQ,CAAZ;;AAQA,SAAOC,GAAP;AACH,CAVD;;AAYA,MAAMW,aAAa,GAAG,MAAOZ,KAAP,IAAiB;AACnC,QAAMC,GAAG,GAAGC,qBAAYW,cAAZ,CACRT,YADQ,EAERC,mBAAUS,kBAFF,EAGRd,KAHQ,CAAZ;;AAKA,SAAOC,GAAP;AACH,CAPD;;eASe;AACXH,EAAAA,UADW;AAEXY,EAAAA,aAFW;AAGXH,EAAAA,aAHW;AAIXK,EAAAA;AAJW,C","sourceRoot":"/Users/victor/work/lendsqr-test/src/test/actions/routes/","sourcesContent":["/* eslint-disable no-global-assign */\n/* eslint-disable no-unused-vars */\n/* eslint-disable no-undef */\n// import testdb from \"./db/testdb\";\nimport request from 'supertest'\nimport status from 'http-status'\nimport baseActions from '../common/baseActions'\nimport urlMapper from '../../../urMappers'\nimport app from '../../../app'\n\nconst fundWallet = async (amount, token) => {\n    const res = baseActions.sendPOSTRequest1(\n        app,\n        urlMapper.FUND_WALLET,\n        {\n            amount,\n        },\n        token\n    )\n    return res\n}\n\nconst transferFunds = async (amount, walletId, token) => {\n    const res = baseActions.sendPOSTRequest1(\n        app,\n        urlMapper.TRANSFER_FUNDS,\n        {\n            amount,\n            walletId,\n        },\n        token\n    )\n    return res\n}\n\nconst withdrawFunds = async (amount, token) => {\n    const res = baseActions.sendPOSTRequest1(\n        app,\n        urlMapper.WITHDRAW_FUNDS,\n        {\n            amount,\n        },\n        token\n    )\n    return res\n}\n\nconst getUserAcount = async (token) => {\n    const res = baseActions.sendGETRequest(\n        app,\n        urlMapper.GET_ACCOUNT_DETAIL,\n        token\n    )\n    return res\n}\n\nexport default {\n    fundWallet,\n    withdrawFunds,\n    transferFunds,\n    getUserAcount,\n}\n"]},"_coverageSchema":"1a1c01bbd47fc00a2c39e90264f33305004495a9","hash":"275ee12b4268028c20560d1893cdc7e4533807cd","contentHash":"a8869204ef38e4b8fd5cb315bf3b56e4cd041570dfd0a51f9f3067735484075d"},"/Users/victor/work/lendsqr-test/src/test/actions/common/baseActions.js":{"path":"/Users/victor/work/lendsqr-test/src/test/actions/common/baseActions.js","statementMap":{"0":{"start":{"line":3,"column":0},"end":{"line":5,"column":3}},"1":{"start":{"line":6,"column":0},"end":{"line":6,"column":25}},"2":{"start":{"line":8,"column":17},"end":{"line":8,"column":61}},"3":{"start":{"line":10,"column":22},"end":{"line":10,"column":86}},"4":{"start":{"line":12,"column":39},"end":{"line":12,"column":93}},"5":{"start":{"line":19,"column":0},"end":{"line":19,"column":30}},"6":{"start":{"line":38,"column":24},"end":{"line":45,"column":1}},"7":{"start":{"line":39,"column":2},"end":{"line":44,"column":3}},"8":{"start":{"line":40,"column":16},"end":{"line":40,"column":186}},"9":{"start":{"line":41,"column":4},"end":{"line":41,"column":15}},"10":{"start":{"line":43,"column":4},"end":{"line":43,"column":56}},"11":{"start":{"line":49,"column":25},"end":{"line":56,"column":1}},"12":{"start":{"line":50,"column":2},"end":{"line":55,"column":3}},"13":{"start":{"line":51,"column":16},"end":{"line":51,"column":226}},"14":{"start":{"line":52,"column":4},"end":{"line":52,"column":15}},"15":{"start":{"line":54,"column":4},"end":{"line":54,"column":56}},"16":{"start":{"line":60,"column":23},"end":{"line":67,"column":1}},"17":{"start":{"line":61,"column":2},"end":{"line":66,"column":3}},"18":{"start":{"line":62,"column":16},"end":{"line":62,"column":207}},"19":{"start":{"line":63,"column":4},"end":{"line":63,"column":15}},"20":{"start":{"line":65,"column":4},"end":{"line":65,"column":55}},"21":{"start":{"line":71,"column":23},"end":{"line":78,"column":1}},"22":{"start":{"line":72,"column":2},"end":{"line":77,"column":3}},"23":{"start":{"line":73,"column":16},"end":{"line":73,"column":185}},"24":{"start":{"line":74,"column":4},"end":{"line":74,"column":15}},"25":{"start":{"line":76,"column":4},"end":{"line":76,"column":55}},"26":{"start":{"line":82,"column":26},"end":{"line":89,"column":1}},"27":{"start":{"line":83,"column":2},"end":{"line":88,"column":3}},"28":{"start":{"line":84,"column":16},"end":{"line":84,"column":210}},"29":{"start":{"line":85,"column":4},"end":{"line":85,"column":15}},"30":{"start":{"line":87,"column":4},"end":{"line":87,"column":58}},"31":{"start":{"line":91,"column":15},"end":{"line":98,"column":1}},"32":{"start":{"line":99,"column":0},"end":{"line":99,"column":27}}},"fnMap":{"0":{"name":"_interopRequireDefault","decl":{"start":{"line":12,"column":9},"end":{"line":12,"column":31}},"loc":{"start":{"line":12,"column":37},"end":{"line":12,"column":95}},"line":12},"1":{"name":"(anonymous_1)","decl":{"start":{"line":38,"column":24},"end":{"line":38,"column":25}},"loc":{"start":{"line":38,"column":69},"end":{"line":45,"column":1}},"line":38},"2":{"name":"(anonymous_2)","decl":{"start":{"line":49,"column":25},"end":{"line":49,"column":26}},"loc":{"start":{"line":49,"column":77},"end":{"line":56,"column":1}},"line":49},"3":{"name":"(anonymous_3)","decl":{"start":{"line":60,"column":23},"end":{"line":60,"column":24}},"loc":{"start":{"line":60,"column":62},"end":{"line":67,"column":1}},"line":60},"4":{"name":"(anonymous_4)","decl":{"start":{"line":71,"column":23},"end":{"line":71,"column":24}},"loc":{"start":{"line":71,"column":68},"end":{"line":78,"column":1}},"line":71},"5":{"name":"(anonymous_5)","decl":{"start":{"line":82,"column":26},"end":{"line":82,"column":27}},"loc":{"start":{"line":82,"column":65},"end":{"line":89,"column":1}},"line":82}},"branchMap":{"0":{"loc":{"start":{"line":12,"column":46},"end":{"line":12,"column":92}},"type":"cond-expr","locations":[{"start":{"line":12,"column":70},"end":{"line":12,"column":73}},{"start":{"line":12,"column":76},"end":{"line":12,"column":92}}],"line":12},"1":{"loc":{"start":{"line":12,"column":46},"end":{"line":12,"column":67}},"type":"binary-expr","locations":[{"start":{"line":12,"column":46},"end":{"line":12,"column":49}},{"start":{"line":12,"column":53},"end":{"line":12,"column":67}}],"line":12}},"s":{"0":1,"1":1,"2":1,"3":1,"4":2,"5":1,"6":1,"7":13,"8":13,"9":13,"10":0,"11":1,"12":10,"13":10,"14":10,"15":0,"16":1,"17":3,"18":3,"19":3,"20":0,"21":1,"22":0,"23":0,"24":0,"25":0,"26":1,"27":0,"28":0,"29":0,"30":0,"31":1,"32":1},"f":{"0":2,"1":13,"2":10,"3":3,"4":0,"5":0},"b":{"0":[1,1],"1":[2,2]},"inputSourceMap":{"version":3,"sources":["baseActions.js"],"names":["process","env","NODE_ENV","sendPOSTRequest","baseUrl","apiEndPoint","requestBody","res","post","retry","set","Headers","ACCEPT_JSON","APPLICATION_JSON","send","err","console","log","sendPOSTRequest1","token","sendGETRequest","get","sendPUTRequest","put","sendDELETERequest","delete"],"mappings":";;;;;;;AAKA;;AACA;;;;AANA;;AACA;;AACA;AACAA,OAAO,CAACC,GAAR,CAAYC,QAAZ,GAAuB,MAAvB;;AAKA;AACA;AACA;AACA;AACA;AACA;AACA;AACA;AACA;AACA;AACA;AACA;AACA;AACA;AACA;;AAEA;AAEA,MAAMC,eAAe,GAAG,OAAOC,OAAP,EAAgBC,WAAhB,EAA6BC,WAA7B,KAA6C;AACjE,MAAI;AACA,UAAMC,GAAG,GAAG,MAAM,wBAAUH,OAAV,EACbI,IADa,CACRH,WADQ,EAEbI,KAFa,CAEP,CAFO,EAGbC,GAHa,CAGTC,wBAAQC,WAHC,EAIbF,GAJa,CAITC,wBAAQE,gBAJC,EAKbC,IALa,CAKRR,WALQ,CAAlB;AAMA,WAAOC,GAAP;AACH,GARD,CAQE,OAAOQ,GAAP,EAAY;AACVC,IAAAA,OAAO,CAACC,GAAR,CAAY,iCAAZ,EAA+CF,GAA/C;AACH;AACJ,CAZD;AAcA;;;AAEA,MAAMG,gBAAgB,GAAG,OAAOd,OAAP,EAAgBC,WAAhB,EAA6BC,WAA7B,EAA0Ca,KAA1C,KAAoD;AACzE,MAAI;AACA,UAAMZ,GAAG,GAAG,MAAM,wBAAUH,OAAV,EACbI,IADa,CACRH,WADQ,EAEbI,KAFa,CAEP,CAFO,EAGbC,GAHa,CAGTC,wBAAQC,WAHC,EAIbF,GAJa,CAITC,wBAAQE,gBAJC,EAKbH,GALa,CAKT,eALS,EAKS,UAASS,KAAM,EALxB,EAMbL,IANa,CAMRR,WANQ,CAAlB;AAOA,WAAOC,GAAP;AACH,GATD,CASE,OAAOQ,GAAP,EAAY;AACVC,IAAAA,OAAO,CAACC,GAAR,CAAY,iCAAZ,EAA+CF,GAA/C;AACH;AACJ,CAbD;AAeA;;;AAEA,MAAMK,cAAc,GAAG,OAAOhB,OAAP,EAAgBC,WAAhB,EAA6Bc,KAA7B,KAAuC;AAC1D,MAAI;AACA,UAAMZ,GAAG,GAAG,MAAM,wBAAUH,OAAV,EACbiB,GADa,CACThB,WADS,EAEbI,KAFa,CAEP,CAFO,EAGbC,GAHa,CAGTC,wBAAQC,WAHC,EAIbF,GAJa,CAITC,wBAAQE,gBAJC,EAKbH,GALa,CAKT,eALS,EAKS,UAASS,KAAM,EALxB,CAAlB;AAMA,WAAOZ,GAAP;AACH,GARD,CAQE,OAAOQ,GAAP,EAAY;AACVC,IAAAA,OAAO,CAACC,GAAR,CAAY,gCAAZ,EAA8CF,GAA9C;AACH;AACJ,CAZD;AAcA;;;AAEA,MAAMO,cAAc,GAAG,OAAOlB,OAAP,EAAgBC,WAAhB,EAA6BC,WAA7B,KAA6C;AAChE,MAAI;AACA,UAAMC,GAAG,GAAG,MAAM,wBAAUH,OAAV,EACbmB,GADa,CACTlB,WADS,EAEbI,KAFa,CAEP,CAFO,EAGbC,GAHa,CAGTC,wBAAQC,WAHC,EAIbF,GAJa,CAITC,wBAAQE,gBAJC,EAKbC,IALa,CAKRR,WALQ,CAAlB;AAMA,WAAOC,GAAP;AACH,GARD,CAQE,OAAOQ,GAAP,EAAY;AACVC,IAAAA,OAAO,CAACC,GAAR,CAAY,gCAAZ,EAA8CF,GAA9C;AACH;AACJ,CAZD;AAcA;;;AAEA,MAAMS,iBAAiB,GAAG,OAAOpB,OAAP,EAAgBC,WAAhB,EAA6Bc,KAA7B,KAAuC;AAC7D,MAAI;AACA,UAAMZ,GAAG,GAAG,MAAM,wBAAUH,OAAV,EACbqB,MADa,CACNpB,WADM,EAEbI,KAFa,CAEP,CAFO,EAGbC,GAHa,CAGTC,wBAAQC,WAHC,EAIbF,GAJa,CAITC,wBAAQE,gBAJC,EAKbH,GALa,CAKT,eALS,EAKS,UAASS,KAAM,EALxB,CAAlB;AAMA,WAAOZ,GAAP;AACH,GARD,CAQE,OAAOQ,GAAP,EAAY;AACVC,IAAAA,OAAO,CAACC,GAAR,CAAY,mCAAZ,EAAiDF,GAAjD;AACH;AACJ,CAZD;;eAce;AACXS,EAAAA,iBADW;AAEXJ,EAAAA,cAFW;AAGXjB,EAAAA,eAHW;AAIXmB,EAAAA,cAJW;AAKXJ,EAAAA,gBALW,CAMX;;AANW,C","sourceRoot":"/Users/victor/work/lendsqr-test/src/test/actions/common/","sourcesContent":["/* eslint-disable import/first */\n/* eslint-disable consistent-return */\n/* eslint-disable no-console */\nprocess.env.NODE_ENV = 'test'\n\nimport supertest from 'supertest'\nimport Headers from '../../testData/defaultHeaders'\n\n// const getBaseURL = () => {\n//     let baseURL = ''\n//     try {\n//         baseURL = process.env.ENVIRONMENT\n//         console.log(`BaseURL : ${baseURL}`)\n//     } catch (err) {\n//         throw new Error(\n//             `BASE URL is not Defined, Please Specify the BASE URL : ${process.env.ENVIRONMENT}`\n//         )\n//     }\n//     const BaseURLSpecifications = {\n//         BASE_URL: baseURL,\n//     }\n//     return BaseURLSpecifications.BASE_URL\n// }\n\n/** This sendPOSTRequest can be used when you dont need to pass a token while performing a POST operation * */\n\nconst sendPOSTRequest = async (baseUrl, apiEndPoint, requestBody) => {\n    try {\n        const res = await supertest(baseUrl)\n            .post(apiEndPoint)\n            .retry(2)\n            .set(Headers.ACCEPT_JSON)\n            .set(Headers.APPLICATION_JSON)\n            .send(requestBody)\n        return res\n    } catch (err) {\n        console.log('Error in sending POST Request: ', err)\n    }\n}\n\n/** This sendPOSTRequest1 can be used when you will be passing a token and body params while performing a POST operation * */\n\nconst sendPOSTRequest1 = async (baseUrl, apiEndPoint, requestBody, token) => {\n    try {\n        const res = await supertest(baseUrl)\n            .post(apiEndPoint)\n            .retry(2)\n            .set(Headers.ACCEPT_JSON)\n            .set(Headers.APPLICATION_JSON)\n            .set('Authorization', `Bearer ${token}`)\n            .send(requestBody)\n        return res\n    } catch (err) {\n        console.log('Error in sending POST Request: ', err)\n    }\n}\n\n/** This sendGETRequest can be used when you will be passing a token while performing a GET operation * */\n\nconst sendGETRequest = async (baseUrl, apiEndPoint, token) => {\n    try {\n        const res = await supertest(baseUrl)\n            .get(apiEndPoint)\n            .retry(2)\n            .set(Headers.ACCEPT_JSON)\n            .set(Headers.APPLICATION_JSON)\n            .set('Authorization', `Bearer ${token}`)\n        return res\n    } catch (err) {\n        console.log('Error in sending GET Request: ', err)\n    }\n}\n\n/** This sendPUTRequest can be used when you will be passing a token and body params while performing a PUT operation * */\n\nconst sendPUTRequest = async (baseUrl, apiEndPoint, requestBody) => {\n    try {\n        const res = await supertest(baseUrl)\n            .put(apiEndPoint)\n            .retry(2)\n            .set(Headers.ACCEPT_JSON)\n            .set(Headers.APPLICATION_JSON)\n            .send(requestBody)\n        return res\n    } catch (err) {\n        console.log('Error in sending PUT Request: ', err)\n    }\n}\n\n/** This sendDELETERequest can be used when you will be passing a token while performing a DELETE operation * */\n\nconst sendDELETERequest = async (baseUrl, apiEndPoint, token) => {\n    try {\n        const res = await supertest(baseUrl)\n            .delete(apiEndPoint)\n            .retry(2)\n            .set(Headers.ACCEPT_JSON)\n            .set(Headers.APPLICATION_JSON)\n            .set('Authorization', `Bearer ${token}`)\n        return res\n    } catch (err) {\n        console.log('Error in sending DELETE Request: ', err)\n    }\n}\n\nexport default {\n    sendDELETERequest,\n    sendGETRequest,\n    sendPOSTRequest,\n    sendPUTRequest,\n    sendPOSTRequest1,\n    // getBaseURL,\n}\n"]},"_coverageSchema":"1a1c01bbd47fc00a2c39e90264f33305004495a9","hash":"b9784accb07170e0469aba9e3be8117b1e5eeef5","contentHash":"3b27ec904311baf92c407fd9fd1e70501696e0ae7cc22252af13fbc754efdb57"},"/Users/victor/work/lendsqr-test/src/test/testData/defaultHeaders.js":{"path":"/Users/victor/work/lendsqr-test/src/test/testData/defaultHeaders.js","statementMap":{"0":{"start":{"line":3,"column":0},"end":{"line":5,"column":3}},"1":{"start":{"line":6,"column":0},"end":{"line":6,"column":25}},"2":{"start":{"line":7,"column":16},"end":{"line":14,"column":1}},"3":{"start":{"line":15,"column":15},"end":{"line":15,"column":22}},"4":{"start":{"line":16,"column":0},"end":{"line":16,"column":27}}},"fnMap":{},"branchMap":{},"s":{"0":1,"1":1,"2":1,"3":1,"4":1},"f":{},"b":{},"inputSourceMap":{"version":3,"sources":["defaultHeaders.js"],"names":["Headers","APPLICATION_JSON","ACCEPT_JSON","Accept"],"mappings":";;;;;;AAAA,MAAMA,OAAO,GAAG;AACZC,EAAAA,gBAAgB,EAAE;AAAE,oBAAgB;AAAlB,GADN;AAEZC,EAAAA,WAAW,EAAE;AAAEC,IAAAA,MAAM,EAAE;AAAV;AAFD,CAAhB;eAKeH,O","sourceRoot":"/Users/victor/work/lendsqr-test/src/test/testData/","sourcesContent":["const Headers = {\n    APPLICATION_JSON: { 'Content-Type': 'application/json' },\n    ACCEPT_JSON: { Accept: 'application/json' },\n}\n\nexport default Headers\n"]},"_coverageSchema":"1a1c01bbd47fc00a2c39e90264f33305004495a9","hash":"9978c0805367c6a4b4b29aaa92c83121b23a745d","contentHash":"7d4b8a94de217bfaa98f17fda70a6132eeb6a1f5b734b7f3a98706b05de116c1"},"/Users/victor/work/lendsqr-test/src/urMappers.js":{"path":"/Users/victor/work/lendsqr-test/src/urMappers.js","statementMap":{"0":{"start":{"line":3,"column":0},"end":{"line":5,"column":3}},"1":{"start":{"line":6,"column":0},"end":{"line":6,"column":25}},"2":{"start":{"line":7,"column":18},"end":{"line":14,"column":1}},"3":{"start":{"line":15,"column":15},"end":{"line":15,"column":24}},"4":{"start":{"line":16,"column":0},"end":{"line":16,"column":27}}},"fnMap":{},"branchMap":{},"s":{"0":1,"1":1,"2":1,"3":1,"4":1},"f":{},"b":{},"inputSourceMap":{"version":3,"sources":["urMappers.js"],"names":["urlMapper","LOGIN","CREATE_NEW_ACCOUNT","TRANSFER_FUNDS","WITHDRAW_FUNDS","FUND_WALLET","GET_ACCOUNT_DETAIL"],"mappings":";;;;;;AAAA,MAAMA,SAAS,GAAG;AACdC,EAAAA,KAAK,EAAE,aADO;AAEdC,EAAAA,kBAAkB,EAAE,uBAFN;AAGdC,EAAAA,cAAc,EAAE,sBAHF;AAIdC,EAAAA,cAAc,EAAE,sBAJF;AAKdC,EAAAA,WAAW,EAAE,mBALC;AAMdC,EAAAA,kBAAkB,EAAE;AANN,CAAlB;eASeN,S","sourceRoot":"/Users/victor/work/lendsqr-test/src/","sourcesContent":["const urlMapper = {\n    LOGIN: '/auth/login',\n    CREATE_NEW_ACCOUNT: '/register/new/account',\n    TRANSFER_FUNDS: '/user/transfer/funds',\n    WITHDRAW_FUNDS: '/user/withdraw/funds',\n    FUND_WALLET: '/user/fund/wallet',\n    GET_ACCOUNT_DETAIL: '/user/account',\n}\n\nexport default urlMapper\n"]},"_coverageSchema":"1a1c01bbd47fc00a2c39e90264f33305004495a9","hash":"0977a601e473acc2653bd29eaa3fd11f0504daaa","contentHash":"cbdb87ce119e1407424a09685fc6bea732698d4c9be5f6dbdae60668f26e60d0"},"/Users/victor/work/lendsqr-test/src/app.js":{"path":"/Users/victor/work/lendsqr-test/src/app.js","statementMap":{"0":{"start":{"line":3,"column":0},"end":{"line":5,"column":3}},"1":{"start":{"line":6,"column":0},"end":{"line":6,"column":25}},"2":{"start":{"line":8,"column":15},"end":{"line":8,"column":57}},"3":{"start":{"line":10,"column":14},"end":{"line":10,"column":55}},"4":{"start":{"line":12,"column":24},"end":{"line":12,"column":77}},"5":{"start":{"line":14,"column":16},"end":{"line":14,"column":59}},"6":{"start":{"line":16,"column":13},"end":{"line":16,"column":62}},"7":{"start":{"line":18,"column":14},"end":{"line":18,"column":67}},"8":{"start":{"line":20,"column":21},"end":{"line":20,"column":59}},"9":{"start":{"line":22,"column":21},"end":{"line":22,"column":83}},"10":{"start":{"line":24,"column":19},"end":{"line":24,"column":77}},"11":{"start":{"line":26,"column":39},"end":{"line":26,"column":93}},"12":{"start":{"line":30,"column":12},"end":{"line":30,"column":35}},"13":{"start":{"line":31,"column":0},"end":{"line":31,"column":33}},"14":{"start":{"line":32,"column":0},"end":{"line":32,"column":45}},"15":{"start":{"line":33,"column":0},"end":{"line":35,"column":4}},"16":{"start":{"line":36,"column":0},"end":{"line":36,"column":40}},"17":{"start":{"line":37,"column":0},"end":{"line":40,"column":3}},"18":{"start":{"line":38,"column":2},"end":{"line":38,"column":53}},"19":{"start":{"line":39,"column":2},"end":{"line":39,"column":9}},"20":{"start":{"line":41,"column":0},"end":{"line":41,"column":106}},"21":{"start":{"line":42,"column":0},"end":{"line":42,"column":24}},"22":{"start":{"line":43,"column":0},"end":{"line":43,"column":38}},"23":{"start":{"line":44,"column":0},"end":{"line":44,"column":37}},"24":{"start":{"line":46,"column":0},"end":{"line":48,"column":3}},"25":{"start":{"line":47,"column":2},"end":{"line":47,"column":37}},"26":{"start":{"line":49,"column":15},"end":{"line":49,"column":18}},"27":{"start":{"line":50,"column":0},"end":{"line":50,"column":27}}},"fnMap":{"0":{"name":"_interopRequireDefault","decl":{"start":{"line":26,"column":9},"end":{"line":26,"column":31}},"loc":{"start":{"line":26,"column":37},"end":{"line":26,"column":95}},"line":26},"1":{"name":"(anonymous_1)","decl":{"start":{"line":37,"column":13},"end":{"line":37,"column":14}},"loc":{"start":{"line":37,"column":33},"end":{"line":40,"column":1}},"line":37},"2":{"name":"(anonymous_2)","decl":{"start":{"line":46,"column":33},"end":{"line":46,"column":34}},"loc":{"start":{"line":46,"column":40},"end":{"line":48,"column":1}},"line":46}},"branchMap":{"0":{"loc":{"start":{"line":26,"column":46},"end":{"line":26,"column":92}},"type":"cond-expr","locations":[{"start":{"line":26,"column":70},"end":{"line":26,"column":73}},{"start":{"line":26,"column":76},"end":{"line":26,"column":92}}],"line":26},"1":{"loc":{"start":{"line":26,"column":46},"end":{"line":26,"column":67}},"type":"binary-expr","locations":[{"start":{"line":26,"column":46},"end":{"line":26,"column":49}},{"start":{"line":26,"column":53},"end":{"line":26,"column":67}}],"line":26}},"s":{"0":1,"1":1,"2":1,"3":1,"4":1,"5":1,"6":1,"7":1,"8":1,"9":1,"10":1,"11":8,"12":1,"13":1,"14":1,"15":1,"16":1,"17":1,"18":0,"19":0,"20":1,"21":1,"22":1,"23":1,"24":1,"25":0,"26":1,"27":1},"f":{"0":8,"1":0,"2":0},"b":{"0":[3,5],"1":[8,8]},"inputSourceMap":{"version":3,"sources":["app.js"],"names":["app","use","express","json","passport","stream","winston","initialize","get","req","res","next","status","send","swaggerUi","serve","setup","swaggerFiles","routes","notFound","errorHandler","process","on","err","logger","error","message"],"mappings":";;;;;;;AACA;;AACA;;AACA;;AACA;;AAEA;;AACA;;AACA;;AAEA;;AACA;;;;AAXA;AAKA;AAQA,MAAMA,GAAG,GAAG,uBAAZ;AAEAA,GAAG,CAACC,GAAJ,CAAQC,iBAAQC,IAAR,EAAR;AAEA,0BAAsBC,iBAAtB;AACAJ,GAAG,CAACC,GAAJ,CAAQ,qBAAO,UAAP,EAAmB;AAAEI,EAAAA,MAAM,EAAEC,gBAAQD;AAAlB,CAAnB,CAAR;AAEAL,GAAG,CAACC,GAAJ,CAAQG,kBAASG,UAAT,EAAR;AACAP,GAAG,CAACQ,GAAJ,CAAQ,GAAR,EAAa,CAACC,GAAD,EAAMC,GAAN,EAAWC,IAAX,KAAoB;AAC7BD,EAAAA,GAAG,CAACE,MAAJ,CAAW,GAAX,EAAgBC,IAAhB,CAAqB,4BAArB;AACAF,EAAAA,IAAI;AACP,CAHD;AAIAX,GAAG,CAACC,GAAJ,CAAQ,MAAR,EAAgBa,0BAAUC,KAA1B,EAAiCD,0BAAUE,KAAV,CAAgBC,sBAAhB,CAAjC;AACAjB,GAAG,CAACC,GAAJ,CAAQiB,cAAR;AACAlB,GAAG,CAACC,GAAJ,CAAQ,GAAR,EAAakB,uBAAb;AACAnB,GAAG,CAACC,GAAJ,CAAQmB,2BAAR,E,CACA;;AAEAC,OAAO,CAACC,EAAR,CAAW,oBAAX,EAAkCC,GAAD,IAAS;AACtCC,kBAAOC,KAAP,CAAaF,GAAG,CAACG,OAAjB;AACH,CAFD;eAIe1B,G","sourceRoot":"/Users/victor/work/lendsqr-test/src/","sourcesContent":["/* eslint-disable import/no-duplicates */\nimport express from 'express'\nimport morgan from 'morgan'\nimport swaggerUi from 'swagger-ui-express'\nimport passport from 'passport'\n// import { errors } from 'celebrate'\nimport routes from './routes/index'\nimport winston from './utilities/logger'\nimport { errorHandler, notFound } from './middlewares/errorhandlers'\nimport logger from './utilities/logger'\nimport swaggerFiles from '../docs/swagger-output.json'\nimport applyPassportStrategy from './passport/jwt-strategy'\n\nconst app = express()\n\napp.use(express.json())\n\napplyPassportStrategy(passport)\napp.use(morgan('combined', { stream: winston.stream }))\n\napp.use(passport.initialize())\napp.get('/', (req, res, next) => {\n    res.status(200).send('welcome Testing api Health')\n    next()\n})\napp.use('/doc', swaggerUi.serve, swaggerUi.setup(swaggerFiles))\napp.use(routes)\napp.use('*', notFound)\napp.use(errorHandler)\n// eventBus.receive();\n\nprocess.on('unhandledRejection', (err) => {\n    logger.error(err.message)\n})\n\nexport default app\n"]},"_coverageSchema":"1a1c01bbd47fc00a2c39e90264f33305004495a9","hash":"05e14e6e30d033003c6a852a0e0ae5ed2629eab0","contentHash":"4574fc558abeb6a9a60b4353b8150ac45626fa152544b02a08f1c97f2a503a33"},"/Users/victor/work/lendsqr-test/src/routes/index.js":{"path":"/Users/victor/work/lendsqr-test/src/routes/index.js","statementMap":{"0":{"start":{"line":3,"column":0},"end":{"line":5,"column":3}},"1":{"start":{"line":6,"column":0},"end":{"line":6,"column":25}},"2":{"start":{"line":8,"column":15},"end":{"line":8,"column":57}},"3":{"start":{"line":10,"column":12},"end":{"line":10,"column":53}},"4":{"start":{"line":12,"column":16},"end":{"line":12,"column":61}},"5":{"start":{"line":14,"column":12},"end":{"line":14,"column":53}},"6":{"start":{"line":16,"column":39},"end":{"line":16,"column":93}},"7":{"start":{"line":18,"column":12},"end":{"line":18,"column":35}},"8":{"start":{"line":19,"column":0},"end":{"line":19,"column":32}},"9":{"start":{"line":20,"column":0},"end":{"line":20,"column":40}},"10":{"start":{"line":21,"column":0},"end":{"line":21,"column":32}},"11":{"start":{"line":22,"column":15},"end":{"line":22,"column":18}},"12":{"start":{"line":23,"column":0},"end":{"line":23,"column":27}}},"fnMap":{"0":{"name":"_interopRequireDefault","decl":{"start":{"line":16,"column":9},"end":{"line":16,"column":31}},"loc":{"start":{"line":16,"column":37},"end":{"line":16,"column":95}},"line":16}},"branchMap":{"0":{"loc":{"start":{"line":16,"column":46},"end":{"line":16,"column":92}},"type":"cond-expr","locations":[{"start":{"line":16,"column":70},"end":{"line":16,"column":73}},{"start":{"line":16,"column":76},"end":{"line":16,"column":92}}],"line":16},"1":{"loc":{"start":{"line":16,"column":46},"end":{"line":16,"column":67}},"type":"binary-expr","locations":[{"start":{"line":16,"column":46},"end":{"line":16,"column":49}},{"start":{"line":16,"column":53},"end":{"line":16,"column":67}}],"line":16}},"s":{"0":1,"1":1,"2":1,"3":1,"4":1,"5":1,"6":4,"7":1,"8":1,"9":1,"10":1,"11":1,"12":1},"f":{"0":4},"b":{"0":[3,1],"1":[4,4]},"inputSourceMap":{"version":3,"sources":["index.js"],"names":["app","use","userRoutes","registerRoutes","authRoutes"],"mappings":";;;;;;;AAAA;;AACA;;AACA;;AACA;;;;AAEA,MAAMA,GAAG,GAAG,uBAAZ;AAEAA,GAAG,CAACC,GAAJ,CAAQ,OAAR,EAAiBC,aAAjB;AACAF,GAAG,CAACC,GAAJ,CAAQ,WAAR,EAAqBE,iBAArB;AACAH,GAAG,CAACC,GAAJ,CAAQ,OAAR,EAAiBG,aAAjB;eAEeJ,G","sourceRoot":"/Users/victor/work/lendsqr-test/src/routes/","sourcesContent":["import express from 'express'\nimport userRoutes from './user'\nimport registerRoutes from './register'\nimport authRoutes from './auth'\n\nconst app = express()\n\napp.use('/user', userRoutes)\napp.use('/register', registerRoutes)\napp.use('/auth', authRoutes)\n\nexport default app\n"]},"_coverageSchema":"1a1c01bbd47fc00a2c39e90264f33305004495a9","hash":"22ca6656dd8cc493bbc3b43deab6160786bf99a4","contentHash":"8cf0355f2aef825bcd044ee42901504b18df3d9d1bbc3d5fb5dbca0b24bda4cc"},"/Users/victor/work/lendsqr-test/src/routes/user.js":{"path":"/Users/victor/work/lendsqr-test/src/routes/user.js","statementMap":{"0":{"start":{"line":3,"column":0},"end":{"line":5,"column":3}},"1":{"start":{"line":6,"column":0},"end":{"line":6,"column":25}},"2":{"start":{"line":8,"column":15},"end":{"line":8,"column":33}},"3":{"start":{"line":10,"column":21},"end":{"line":10,"column":60}},"4":{"start":{"line":12,"column":12},"end":{"line":12,"column":77}},"5":{"start":{"line":14,"column":12},"end":{"line":14,"column":66}},"6":{"start":{"line":16,"column":13},"end":{"line":16,"column":49}},"7":{"start":{"line":18,"column":39},"end":{"line":18,"column":93}},"8":{"start":{"line":20,"column":15},"end":{"line":20,"column":37}},"9":{"start":{"line":26,"column":4},"end":{"line":26,"column":17}},"10":{"start":{"line":27,"column":0},"end":{"line":27,"column":128}},"11":{"start":{"line":28,"column":0},"end":{"line":28,"column":124}},"12":{"start":{"line":29,"column":0},"end":{"line":29,"column":118}},"13":{"start":{"line":30,"column":0},"end":{"line":30,"column":61}},"14":{"start":{"line":31,"column":15},"end":{"line":31,"column":21}},"15":{"start":{"line":32,"column":0},"end":{"line":32,"column":27}}},"fnMap":{"0":{"name":"_interopRequireDefault","decl":{"start":{"line":18,"column":9},"end":{"line":18,"column":31}},"loc":{"start":{"line":18,"column":37},"end":{"line":18,"column":95}},"line":18}},"branchMap":{"0":{"loc":{"start":{"line":18,"column":46},"end":{"line":18,"column":92}},"type":"cond-expr","locations":[{"start":{"line":18,"column":70},"end":{"line":18,"column":73}},{"start":{"line":18,"column":76},"end":{"line":18,"column":92}}],"line":18},"1":{"loc":{"start":{"line":18,"column":46},"end":{"line":18,"column":67}},"type":"binary-expr","locations":[{"start":{"line":18,"column":46},"end":{"line":18,"column":49}},{"start":{"line":18,"column":53},"end":{"line":18,"column":67}}],"line":18}},"s":{"0":1,"1":1,"2":1,"3":1,"4":1,"5":1,"6":1,"7":2,"8":1,"9":1,"10":1,"11":1,"12":1,"13":1,"14":1,"15":1},"f":{"0":2},"b":{"0":[2,0],"1":[2,2]},"inputSourceMap":{"version":3,"sources":["user.js"],"names":["router","getUserAccount","transferFund","withdrawfunds","fundWallet","UserContoller","post","validate","get"],"mappings":";;;;;;;AAAA;;AACA;;AACA;;AACA;;AACA;;;;AAKA,MAAMA,MAAM,GAAG,sBAAf;AAEA,MAAM;AAAEC,EAAAA,cAAF;AAAkBC,EAAAA,YAAlB;AAAgCC,EAAAA,aAAhC;AAA+CC,EAAAA;AAA/C,IACFC,aADJ;AAGAL,MAAM,CAACM,IAAP,CACI,iBADJ,EAEI,oBAFJ,EAGI,kCAHJ,EAIIC,uBAJJ,EAKIL,YALJ;AAOAF,MAAM,CAACM,IAAP,CACI,iBADJ,EAEI,oBAFJ,EAGI,6BAHJ,EAIIC,uBAJJ,EAKIJ,aALJ;AAOAH,MAAM,CAACM,IAAP,CACI,cADJ,EAEI,oBAFJ,EAGI,6BAHJ,EAIIC,uBAJJ,EAKIH,UALJ;AAOAJ,MAAM,CAACQ,GAAP,CAAW,UAAX,EAAuB,oBAAvB,EAAoCP,cAApC;eAEeD,M","sourceRoot":"/Users/victor/work/lendsqr-test/src/routes/","sourcesContent":["import { Router } from 'express'\nimport { validate } from '../middlewares/errorhandlers'\nimport UserContoller from '../controllers/user.controller'\nimport authGuard from '../middlewares/auth'\nimport {\n    tranxFundsBodySchema,\n    fundsBodySchema,\n} from '../validators/user.schema'\n\nconst router = Router()\n\nconst { getUserAccount, transferFund, withdrawfunds, fundWallet } =\n    UserContoller\n\nrouter.post(\n    '/transfer/funds',\n    authGuard(),\n    tranxFundsBodySchema(),\n    validate,\n    transferFund\n)\nrouter.post(\n    '/withdraw/funds',\n    authGuard(),\n    fundsBodySchema(),\n    validate,\n    withdrawfunds\n)\nrouter.post(\n    '/fund/wallet',\n    authGuard(),\n    fundsBodySchema(),\n    validate,\n    fundWallet\n)\nrouter.get('/account', authGuard(), getUserAccount)\n\nexport default router\n"]},"_coverageSchema":"1a1c01bbd47fc00a2c39e90264f33305004495a9","hash":"23898d1f3651f9cbc787fa5316f3bdb8d9e5ce55","contentHash":"57a164e0d70c77420227bc3e1d0d528b4ccd9a13d583d5393567b6b9ad08305c"},"/Users/victor/work/lendsqr-test/src/middlewares/errorhandlers.js":{"path":"/Users/victor/work/lendsqr-test/src/middlewares/errorhandlers.js","statementMap":{"0":{"start":{"line":3,"column":0},"end":{"line":5,"column":3}},"1":{"start":{"line":6,"column":0},"end":{"line":6,"column":68}},"2":{"start":{"line":8,"column":24},"end":{"line":8,"column":52}},"3":{"start":{"line":13,"column":17},"end":{"line":18,"column":1}},"4":{"start":{"line":14,"column":2},"end":{"line":16,"column":5}},"5":{"start":{"line":17,"column":2},"end":{"line":17,"column":9}},"6":{"start":{"line":20,"column":0},"end":{"line":20,"column":28}},"7":{"start":{"line":22,"column":17},"end":{"line":36,"column":1}},"8":{"start":{"line":23,"column":17},"end":{"line":23,"column":61}},"9":{"start":{"line":25,"column":2},"end":{"line":27,"column":3}},"10":{"start":{"line":26,"column":4},"end":{"line":26,"column":18}},"11":{"start":{"line":29,"column":26},"end":{"line":29,"column":28}},"12":{"start":{"line":30,"column":2},"end":{"line":32,"column":6}},"13":{"start":{"line":30,"column":28},"end":{"line":32,"column":4}},"14":{"start":{"line":33,"column":2},"end":{"line":35,"column":5}},"15":{"start":{"line":38,"column":0},"end":{"line":38,"column":28}},"16":{"start":{"line":40,"column":21},"end":{"line":54,"column":1}},"17":{"start":{"line":41,"column":2},"end":{"line":51,"column":3}},"18":{"start":{"line":42,"column":4},"end":{"line":44,"column":5}},"19":{"start":{"line":43,"column":6},"end":{"line":43,"column":27}},"20":{"start":{"line":47,"column":4},"end":{"line":50,"column":7}},"21":{"start":{"line":53,"column":2},"end":{"line":53,"column":9}},"22":{"start":{"line":56,"column":0},"end":{"line":56,"column":36}}},"fnMap":{"0":{"name":"(anonymous_0)","decl":{"start":{"line":13,"column":17},"end":{"line":13,"column":18}},"loc":{"start":{"line":13,"column":37},"end":{"line":18,"column":1}},"line":13},"1":{"name":"(anonymous_1)","decl":{"start":{"line":22,"column":17},"end":{"line":22,"column":18}},"loc":{"start":{"line":22,"column":37},"end":{"line":36,"column":1}},"line":22},"2":{"name":"(anonymous_2)","decl":{"start":{"line":30,"column":21},"end":{"line":30,"column":22}},"loc":{"start":{"line":30,"column":28},"end":{"line":32,"column":4}},"line":30},"3":{"name":"(anonymous_3)","decl":{"start":{"line":40,"column":21},"end":{"line":40,"column":22}},"loc":{"start":{"line":40,"column":46},"end":{"line":54,"column":1}},"line":40}},"branchMap":{"0":{"loc":{"start":{"line":25,"column":2},"end":{"line":27,"column":3}},"type":"if","locations":[{"start":{"line":25,"column":2},"end":{"line":27,"column":3}},{"start":{"line":25,"column":2},"end":{"line":27,"column":3}}],"line":25},"1":{"loc":{"start":{"line":41,"column":2},"end":{"line":51,"column":3}},"type":"if","locations":[{"start":{"line":41,"column":2},"end":{"line":51,"column":3}},{"start":{"line":41,"column":2},"end":{"line":51,"column":3}}],"line":41},"2":{"loc":{"start":{"line":42,"column":4},"end":{"line":44,"column":5}},"type":"if","locations":[{"start":{"line":42,"column":4},"end":{"line":44,"column":5}},{"start":{"line":42,"column":4},"end":{"line":44,"column":5}}],"line":42}},"s":{"0":1,"1":1,"2":1,"3":1,"4":0,"5":0,"6":1,"7":1,"8":23,"9":23,"10":17,"11":6,"12":6,"13":9,"14":6,"15":1,"16":1,"17":0,"18":0,"19":0,"20":0,"21":0,"22":1},"f":{"0":0,"1":23,"2":9,"3":0},"b":{"0":[17,6],"1":[0,0],"2":[0,0]},"inputSourceMap":{"version":3,"sources":["errorhandlers.js"],"names":["notFound","req","res","next","status","json","message","validate","errors","isEmpty","extractedErrors","array","map","err","push","param","msg","errorHandler","statusCode","send"],"mappings":";;;;;;;AAEA;;AAFA;;AACA;AAGO,MAAMA,QAAQ,GAAG,CAACC,GAAD,EAAMC,GAAN,EAAWC,IAAX,KAAoB;AACxCD,EAAAA,GAAG,CAACE,MAAJ,CAAW,GAAX,EAAgBC,IAAhB,CAAqB;AACjBC,IAAAA,OAAO,EAAE;AADQ,GAArB;AAGAH,EAAAA,IAAI;AACP,CALM;;;;AAOA,MAAMI,QAAQ,GAAG,CAACN,GAAD,EAAMC,GAAN,EAAWC,IAAX,KAAoB;AACxC,QAAMK,MAAM,GAAG,wCAAiBP,GAAjB,CAAf;;AACA,MAAIO,MAAM,CAACC,OAAP,EAAJ,EAAsB;AAClB,WAAON,IAAI,EAAX;AACH;;AACD,QAAMO,eAAe,GAAG,EAAxB;AACAF,EAAAA,MAAM,CAACG,KAAP,GAAeC,GAAf,CAAoBC,GAAD,IAASH,eAAe,CAACI,IAAhB,CAAqB;AAAE,KAACD,GAAG,CAACE,KAAL,GAAaF,GAAG,CAACG;AAAnB,GAArB,CAA5B;AAEA,SAAOd,GAAG,CAACE,MAAJ,CAAW,GAAX,EAAgBC,IAAhB,CAAqB;AACxBG,IAAAA,MAAM,EAAEE;AADgB,GAArB,CAAP;AAGH,CAXM;;;;AAaA,MAAMO,YAAY,GAAG,CAACJ,GAAD,EAAMZ,GAAN,EAAWC,GAAX,EAAgBC,IAAhB,KAAyB;AACjD,MAAIU,GAAJ,EAAS;AACL,QAAI,CAACA,GAAG,CAACK,UAAT,EAAqB;AACjBL,MAAAA,GAAG,CAACK,UAAJ,GAAiB,GAAjB;AACH,KAHI,CAGH;;;AACF,WAAOhB,GAAG,CAACE,MAAJ,CAAWS,GAAG,CAACK,UAAf,EAA2BC,IAA3B,CAAgC;AACnCD,MAAAA,UAAU,EAAEL,GAAG,CAACK,UADmB;AAEnCZ,MAAAA,OAAO,EAAEO,GAAG,CAACP;AAFsB,KAAhC,CAAP;AAIH;;AAEDH,EAAAA,IAAI;AACP,CAZM","sourceRoot":"/Users/victor/work/lendsqr-test/src/middlewares/","sourcesContent":["/* eslint-disable consistent-return */\n/* eslint-disable no-param-reassign */\nimport { validationResult } from 'express-validator'\n\nexport const notFound = (req, res, next) => {\n    res.status(404).json({\n        message: 'Page not found',\n    })\n    next()\n}\n\nexport const validate = (req, res, next) => {\n    const errors = validationResult(req)\n    if (errors.isEmpty()) {\n        return next()\n    }\n    const extractedErrors = []\n    errors.array().map((err) => extractedErrors.push({ [err.param]: err.msg }))\n\n    return res.status(400).json({\n        errors: extractedErrors,\n    })\n}\n\nexport const errorHandler = (err, req, res, next) => {\n    if (err) {\n        if (!err.statusCode) {\n            err.statusCode = 500\n        } // Set 500 server code error if statuscode not set\n        return res.status(err.statusCode).send({\n            statusCode: err.statusCode,\n            message: err.message,\n        })\n    }\n\n    next()\n}\n"]},"_coverageSchema":"1a1c01bbd47fc00a2c39e90264f33305004495a9","hash":"e93d35f9394d4d9064a98bbf1b102a25c1a34d1d","contentHash":"fe6b894f08af8a4e33343a854ad5038cdfc232b1d3a195fea4360586c3b7dfe5"},"/Users/victor/work/lendsqr-test/src/controllers/user.controller.js":{"path":"/Users/victor/work/lendsqr-test/src/controllers/user.controller.js","statementMap":{"0":{"start":{"line":3,"column":0},"end":{"line":5,"column":3}},"1":{"start":{"line":6,"column":0},"end":{"line":6,"column":25}},"2":{"start":{"line":8,"column":14},"end":{"line":8,"column":68}},"3":{"start":{"line":10,"column":17},"end":{"line":10,"column":74}},"4":{"start":{"line":12,"column":12},"end":{"line":12,"column":65}},"5":{"start":{"line":14,"column":14},"end":{"line":14,"column":69}},"6":{"start":{"line":16,"column":39},"end":{"line":16,"column":93}},"7":{"start":{"line":33,"column":8},"end":{"line":33,"column":16}},"8":{"start":{"line":34,"column":4},"end":{"line":34,"column":26}},"9":{"start":{"line":36,"column":4},"end":{"line":48,"column":5}},"10":{"start":{"line":37,"column":25},"end":{"line":37,"column":63}},"11":{"start":{"line":39,"column":6},"end":{"line":41,"column":7}},"12":{"start":{"line":40,"column":8},"end":{"line":40,"column":88}},"13":{"start":{"line":43,"column":6},"end":{"line":43,"column":116}},"14":{"start":{"line":45,"column":6},"end":{"line":45,"column":35}},"15":{"start":{"line":47,"column":6},"end":{"line":47,"column":81}},"16":{"start":{"line":63,"column":8},"end":{"line":63,"column":16}},"17":{"start":{"line":66,"column":8},"end":{"line":66,"column":16}},"18":{"start":{"line":68,"column":4},"end":{"line":78,"column":5}},"19":{"start":{"line":69,"column":25},"end":{"line":69,"column":63}},"20":{"start":{"line":70,"column":26},"end":{"line":70,"column":56}},"21":{"start":{"line":71,"column":6},"end":{"line":71,"column":66}},"22":{"start":{"line":72,"column":25},"end":{"line":72,"column":63}},"23":{"start":{"line":73,"column":6},"end":{"line":73,"column":110}},"24":{"start":{"line":75,"column":6},"end":{"line":75,"column":35}},"25":{"start":{"line":77,"column":6},"end":{"line":77,"column":81}},"26":{"start":{"line":93,"column":8},"end":{"line":93,"column":16}},"27":{"start":{"line":97,"column":8},"end":{"line":97,"column":16}},"28":{"start":{"line":99,"column":4},"end":{"line":113,"column":5}},"29":{"start":{"line":100,"column":25},"end":{"line":100,"column":65}},"30":{"start":{"line":101,"column":26},"end":{"line":101,"column":56}},"31":{"start":{"line":102,"column":6},"end":{"line":102,"column":66}},"32":{"start":{"line":104,"column":28},"end":{"line":104,"column":66}},"33":{"start":{"line":105,"column":29},"end":{"line":105,"column":62}},"34":{"start":{"line":106,"column":6},"end":{"line":106,"column":72}},"35":{"start":{"line":107,"column":25},"end":{"line":107,"column":63}},"36":{"start":{"line":108,"column":6},"end":{"line":108,"column":115}},"37":{"start":{"line":110,"column":6},"end":{"line":110,"column":35}},"38":{"start":{"line":112,"column":6},"end":{"line":112,"column":81}},"39":{"start":{"line":128,"column":8},"end":{"line":128,"column":16}},"40":{"start":{"line":131,"column":8},"end":{"line":131,"column":16}},"41":{"start":{"line":133,"column":4},"end":{"line":143,"column":5}},"42":{"start":{"line":134,"column":25},"end":{"line":134,"column":63}},"43":{"start":{"line":135,"column":26},"end":{"line":135,"column":56}},"44":{"start":{"line":136,"column":6},"end":{"line":136,"column":66}},"45":{"start":{"line":137,"column":25},"end":{"line":137,"column":63}},"46":{"start":{"line":138,"column":6},"end":{"line":138,"column":119}},"47":{"start":{"line":140,"column":6},"end":{"line":140,"column":35}},"48":{"start":{"line":142,"column":6},"end":{"line":142,"column":81}},"49":{"start":{"line":148,"column":15},"end":{"line":148,"column":28}},"50":{"start":{"line":149,"column":0},"end":{"line":149,"column":27}}},"fnMap":{"0":{"name":"_interopRequireDefault","decl":{"start":{"line":16,"column":9},"end":{"line":16,"column":31}},"loc":{"start":{"line":16,"column":37},"end":{"line":16,"column":95}},"line":16},"1":{"name":"(anonymous_1)","decl":{"start":{"line":30,"column":2},"end":{"line":30,"column":3}},"loc":{"start":{"line":30,"column":40},"end":{"line":49,"column":3}},"line":30},"2":{"name":"(anonymous_2)","decl":{"start":{"line":60,"column":2},"end":{"line":60,"column":3}},"loc":{"start":{"line":60,"column":36},"end":{"line":79,"column":3}},"line":60},"3":{"name":"(anonymous_3)","decl":{"start":{"line":90,"column":2},"end":{"line":90,"column":3}},"loc":{"start":{"line":90,"column":38},"end":{"line":114,"column":3}},"line":90},"4":{"name":"(anonymous_4)","decl":{"start":{"line":125,"column":2},"end":{"line":125,"column":3}},"loc":{"start":{"line":125,"column":39},"end":{"line":144,"column":3}},"line":125}},"branchMap":{"0":{"loc":{"start":{"line":16,"column":46},"end":{"line":16,"column":92}},"type":"cond-expr","locations":[{"start":{"line":16,"column":70},"end":{"line":16,"column":73}},{"start":{"line":16,"column":76},"end":{"line":16,"column":92}}],"line":16},"1":{"loc":{"start":{"line":16,"column":46},"end":{"line":16,"column":67}},"type":"binary-expr","locations":[{"start":{"line":16,"column":46},"end":{"line":16,"column":49}},{"start":{"line":16,"column":53},"end":{"line":16,"column":67}}],"line":16},"2":{"loc":{"start":{"line":39,"column":6},"end":{"line":41,"column":7}},"type":"if","locations":[{"start":{"line":39,"column":6},"end":{"line":41,"column":7}},{"start":{"line":39,"column":6},"end":{"line":41,"column":7}}],"line":39}},"s":{"0":1,"1":1,"2":1,"3":1,"4":1,"5":1,"6":4,"7":3,"8":3,"9":3,"10":3,"11":3,"12":0,"13":3,"14":0,"15":0,"16":4,"17":4,"18":4,"19":4,"20":4,"21":4,"22":4,"23":4,"24":0,"25":0,"26":1,"27":1,"28":1,"29":1,"30":1,"31":1,"32":1,"33":1,"34":1,"35":1,"36":1,"37":0,"38":0,"39":1,"40":1,"41":1,"42":1,"43":1,"44":1,"45":1,"46":1,"47":0,"48":0,"49":1,"50":1},"f":{"0":4,"1":3,"2":4,"3":1,"4":1},"b":{"0":[4,0],"1":[4,4],"2":[0,3]},"inputSourceMap":{"version":3,"sources":["user.controller.js"],"names":["UserContoller","getUserAccount","req","res","id","user","console","log","getAccount","UserRepository","status","json","responses","error","success","logger","fundWallet","amount","body","findWallet","WalletRepository","findByUserId","addUpAmount","balance","update","transferFund","walletId","findById","getUserWallet","subtractAmount","withdrawfunds"],"mappings":";;;;;;;AAEA;;AACA;;AACA;;AACA;;;;AALA;;AACA;AAMA,MAAMA,aAAN,CAAoB;AAChB;AACJ;AACA;AACA;AACA;AACA;AACA;AACA;AAC+B,eAAdC,cAAc,CAACC,GAAD,EAAMC,GAAN,EAAW;AAClC,UAAM;AAAEC,MAAAA;AAAF,QAASF,GAAG,CAACG,IAAnB;AACAC,IAAAA,OAAO,CAACC,GAAR,CAAYL,GAAG,CAACG,IAAhB;;AACA,QAAI;AACA,YAAMG,UAAU,GAAG,MAAMC,cAAeR,cAAf,CAA8BG,EAA9B,CAAzB;;AACA,UAAII,UAAU,KAAK,EAAnB,EAAuB;AACnB,eAAOL,GAAG,CACLO,MADE,CACK,GADL,EAEFC,IAFE,CAEGC,mBAAUC,KAAV,CAAgB,GAAhB,EAAqB,mBAArB,CAFH,CAAP;AAGH;;AAED,aAAOV,GAAG,CACLO,MADE,CACK,GADL,EAEFC,IAFE,CAGCC,mBAAUE,OAAV,CACI,GADJ,EAEI,gCAFJ,EAGIN,UAAU,CAAC,CAAD,CAHd,CAHD,CAAP;AASH,KAjBD,CAiBE,OAAOK,KAAP,EAAc;AACZE,sBAAOF,KAAP,CAAaA,KAAb;;AACA,aAAOV,GAAG,CAACO,MAAJ,CAAW,GAAX,EAAgBC,IAAhB,CAAqBC,mBAAUC,KAAV,CAAgB,GAAhB,EAAqB,cAArB,CAArB,CAAP;AACH;AACJ;AAED;AACJ;AACA;AACA;AACA;AACA;AACA;AACA;;;AAC2B,eAAVG,UAAU,CAACd,GAAD,EAAMC,GAAN,EAAW;AAC9B,UAAM;AAAEC,MAAAA;AAAF,QAASF,GAAG,CAACG,IAAnB;AACA,UAAM;AAAEY,MAAAA;AAAF,QAAaf,GAAG,CAACgB,IAAvB;;AACA,QAAI;AACA,YAAMC,UAAU,GAAG,MAAMC,gBAAiBC,YAAjB,CAA8BjB,EAA9B,CAAzB;AACA,YAAMkB,WAAW,GAAGH,UAAU,CAAC,CAAD,CAAV,CAAcI,OAAd,GAAwBN,MAA5C;AACA,YAAMG,gBAAiBI,MAAjB,CAAwBL,UAAU,CAAC,CAAD,CAAV,CAAcf,EAAtC,EAA0CkB,WAA1C,CAAN;AACA,YAAMd,UAAU,GAAG,MAAMC,cAAeR,cAAf,CAA8BG,EAA9B,CAAzB;AACA,aAAOD,GAAG,CACLO,MADE,CACK,GADL,EAEFC,IAFE,CAGCC,mBAAUE,OAAV,CACI,GADJ,EAEI,0BAFJ,EAGIN,UAAU,CAAC,CAAD,CAHd,CAHD,CAAP;AASH,KAdD,CAcE,OAAOK,KAAP,EAAc;AACZE,sBAAOF,KAAP,CAAaA,KAAb;;AACA,aAAOV,GAAG,CAACO,MAAJ,CAAW,GAAX,EAAgBC,IAAhB,CAAqBC,mBAAUC,KAAV,CAAgB,GAAhB,EAAqB,cAArB,CAArB,CAAP;AACH;AACJ;AAED;AACJ;AACA;AACA;AACA;AACA;AACA;AACA;;;AAC6B,eAAZY,YAAY,CAACvB,GAAD,EAAMC,GAAN,EAAW;AAChC,UAAM;AAAEC,MAAAA;AAAF,QAASF,GAAG,CAACG,IAAnB;AACA,UAAM;AAAEY,MAAAA,MAAF;AAAUS,MAAAA;AAAV,QAAuBxB,GAAG,CAACgB,IAAjC;;AAEA,QAAI;AACA,YAAMC,UAAU,GAAG,MAAMC,gBAAiBO,QAAjB,CAA0BD,QAA1B,CAAzB;AACA,YAAMJ,WAAW,GAAGH,UAAU,CAAC,CAAD,CAAV,CAAcI,OAAd,GAAwBN,MAA5C;AACA,YAAMG,gBAAiBI,MAAjB,CAAwBL,UAAU,CAAC,CAAD,CAAV,CAAcf,EAAtC,EAA0CkB,WAA1C,CAAN,CAHA,CAIA;;AACA,YAAMM,aAAa,GAAG,MAAMR,gBAAiBC,YAAjB,CAA8BjB,EAA9B,CAA5B;AACA,YAAMyB,cAAc,GAAGD,aAAa,CAAC,CAAD,CAAb,CAAiBL,OAAjB,GAA2BN,MAAlD;AACA,YAAMG,gBAAiBI,MAAjB,CAAwBI,aAAa,CAAC,CAAD,CAAb,CAAiBxB,EAAzC,EAA6CyB,cAA7C,CAAN;AACA,YAAMrB,UAAU,GAAG,MAAMC,cAAeR,cAAf,CAA8BG,EAA9B,CAAzB;AAEA,aAAOD,GAAG,CACLO,MADE,CACK,GADL,EAEFC,IAFE,CAGCC,mBAAUE,OAAV,CACI,GADJ,EAEI,+BAFJ,EAGIN,UAAU,CAAC,CAAD,CAHd,CAHD,CAAP;AASH,KAnBD,CAmBE,OAAOK,KAAP,EAAc;AACZE,sBAAOF,KAAP,CAAaA,KAAb;;AACA,aAAOV,GAAG,CAACO,MAAJ,CAAW,GAAX,EAAgBC,IAAhB,CAAqBC,mBAAUC,KAAV,CAAgB,GAAhB,EAAqB,cAArB,CAArB,CAAP;AACH;AACJ;AAED;AACJ;AACA;AACA;AACA;AACA;AACA;AACA;;;AAC8B,eAAbiB,aAAa,CAAC5B,GAAD,EAAMC,GAAN,EAAW;AACjC,UAAM;AAAEC,MAAAA;AAAF,QAASF,GAAG,CAACG,IAAnB;AACA,UAAM;AAAEY,MAAAA;AAAF,QAAaf,GAAG,CAACgB,IAAvB;;AAEA,QAAI;AACA,YAAMC,UAAU,GAAG,MAAMC,gBAAiBC,YAAjB,CAA8BjB,EAA9B,CAAzB;AACA,YAAMkB,WAAW,GAAGH,UAAU,CAAC,CAAD,CAAV,CAAcI,OAAd,GAAwBN,MAA5C;AACA,YAAMG,gBAAiBI,MAAjB,CAAwBL,UAAU,CAAC,CAAD,CAAV,CAAcf,EAAtC,EAA0CkB,WAA1C,CAAN;AACA,YAAMd,UAAU,GAAG,MAAMC,cAAeR,cAAf,CAA8BG,EAA9B,CAAzB;AAEA,aAAOD,GAAG,CACLO,MADE,CACK,GADL,EAEFC,IAFE,CAGCC,mBAAUE,OAAV,CACI,GADJ,EAEI,mCAFJ,EAGIN,UAAU,CAAC,CAAD,CAHd,CAHD,CAAP;AASH,KAfD,CAeE,OAAOK,KAAP,EAAc;AACZE,sBAAOF,KAAP,CAAaA,KAAb;;AACA,aAAOV,GAAG,CAACO,MAAJ,CAAW,GAAX,EAAgBC,IAAhB,CAAqBC,mBAAUC,KAAV,CAAgB,GAAhB,EAAqB,cAArB,CAArB,CAAP;AACH;AACJ;;AAtIe;;eAyILb,a","sourceRoot":"/Users/victor/work/lendsqr-test/src/controllers/","sourcesContent":["/* eslint-disable no-underscore-dangle */\n/* eslint-disable no-console */\nimport logger from '../utilities/logger'\nimport responses from '../utilities/responses'\nimport UserRepository from '../repository/user'\nimport WalletRepository from '../repository/wallet'\n\nclass UserContoller {\n    /**\n     *@description Get all Users in the database\n     *@static\n     *@param  {Object} req - request\n     *@param  {object} res - response\n     *@returns {object} - status code, message and get all Users\n     *@memberof UserContoller\n     */\n    static async getUserAccount(req, res) {\n        const { id } = req.user\n        console.log(req.user)\n        try {\n            const getAccount = await UserRepository.getUserAccount(id)\n            if (getAccount === []) {\n                return res\n                    .status(404)\n                    .json(responses.error(404, 'Account not Found'))\n            }\n\n            return res\n                .status(200)\n                .json(\n                    responses.success(\n                        200,\n                        'Account successfully retrieved',\n                        getAccount[0]\n                    )\n                )\n        } catch (error) {\n            logger.error(error)\n            return res.status(500).json(responses.error(500, 'Server error'))\n        }\n    }\n\n    /**\n     *@description Get a user from database\n     *@static\n     *@param  {Object} req - request\n     *@param  {object} res - response\n     *@returns {object} - status code, message and fetched user\n     *@memberof UserContoller\n     */\n    static async fundWallet(req, res) {\n        const { id } = req.user\n        const { amount } = req.body\n        try {\n            const findWallet = await WalletRepository.findByUserId(id)\n            const addUpAmount = findWallet[0].balance + amount\n            await WalletRepository.update(findWallet[0].id, addUpAmount)\n            const getAccount = await UserRepository.getUserAccount(id)\n            return res\n                .status(200)\n                .json(\n                    responses.success(\n                        200,\n                        'Funds successfully Added',\n                        getAccount[0]\n                    )\n                )\n        } catch (error) {\n            logger.error(error)\n            return res.status(500).json(responses.error(500, 'Server error'))\n        }\n    }\n\n    /**\n     *@description Get a user by email\n     *@static\n     *@param  {Object} req - request\n     *@param  {object} res - response\n     *@returns {object} - status code, message and fetched user\n     *@memberof UserContoller\n     */\n    static async transferFund(req, res) {\n        const { id } = req.user\n        const { amount, walletId } = req.body\n\n        try {\n            const findWallet = await WalletRepository.findById(walletId)\n            const addUpAmount = findWallet[0].balance + amount\n            await WalletRepository.update(findWallet[0].id, addUpAmount)\n            // subtract amount from user wallet\n            const getUserWallet = await WalletRepository.findByUserId(id)\n            const subtractAmount = getUserWallet[0].balance - amount\n            await WalletRepository.update(getUserWallet[0].id, subtractAmount)\n            const getAccount = await UserRepository.getUserAccount(id)\n\n            return res\n                .status(200)\n                .json(\n                    responses.success(\n                        200,\n                        'Funds transfered successfully',\n                        getAccount[0]\n                    )\n                )\n        } catch (error) {\n            logger.error(error)\n            return res.status(500).json(responses.error(500, 'Server error'))\n        }\n    }\n\n    /**\n     *@description Get a User by OTP code\n     *@static\n     *@param  {Object} req - request\n     *@param  {object} res - response\n     *@returns {object} - status code, message and fetched user\n     *@memberof UserContoller\n     */\n    static async withdrawfunds(req, res) {\n        const { id } = req.user\n        const { amount } = req.body\n\n        try {\n            const findWallet = await WalletRepository.findByUserId(id)\n            const addUpAmount = findWallet[0].balance - amount\n            await WalletRepository.update(findWallet[0].id, addUpAmount)\n            const getAccount = await UserRepository.getUserAccount(id)\n\n            return res\n                .status(200)\n                .json(\n                    responses.success(\n                        200,\n                        'Withdrawal successfully completed',\n                        getAccount[0]\n                    )\n                )\n        } catch (error) {\n            logger.error(error)\n            return res.status(500).json(responses.error(500, 'Server error'))\n        }\n    }\n}\n\nexport default UserContoller\n"]},"_coverageSchema":"1a1c01bbd47fc00a2c39e90264f33305004495a9","hash":"67596d230c753204426c2214e8d3736fcdc8027d","contentHash":"3ed5fa241b9aeb97929e8e40e71f2b7c57715cff9da9f36e5350c82f303ab26e"},"/Users/victor/work/lendsqr-test/src/utilities/logger.js":{"path":"/Users/victor/work/lendsqr-test/src/utilities/logger.js","statementMap":{"0":{"start":{"line":3,"column":0},"end":{"line":5,"column":3}},"1":{"start":{"line":6,"column":0},"end":{"line":6,"column":25}},"2":{"start":{"line":8,"column":15},"end":{"line":8,"column":33}},"3":{"start":{"line":10,"column":19},"end":{"line":10,"column":67}},"4":{"start":{"line":12,"column":39},"end":{"line":12,"column":93}},"5":{"start":{"line":19,"column":4},"end":{"line":19,"column":19}},"6":{"start":{"line":20,"column":16},"end":{"line":37,"column":1}},"7":{"start":{"line":38,"column":15},"end":{"line":44,"column":2}},"8":{"start":{"line":41,"column":30},"end":{"line":41,"column":83}},"9":{"start":{"line":45,"column":0},"end":{"line":50,"column":2}},"10":{"start":{"line":47,"column":4},"end":{"line":47,"column":25}},"11":{"start":{"line":51,"column":15},"end":{"line":51,"column":21}},"12":{"start":{"line":52,"column":0},"end":{"line":52,"column":27}}},"fnMap":{"0":{"name":"_interopRequireDefault","decl":{"start":{"line":12,"column":9},"end":{"line":12,"column":31}},"loc":{"start":{"line":12,"column":37},"end":{"line":12,"column":95}},"line":12},"1":{"name":"(anonymous_1)","decl":{"start":{"line":41,"column":22},"end":{"line":41,"column":23}},"loc":{"start":{"line":41,"column":30},"end":{"line":41,"column":83}},"line":41},"2":{"name":"(anonymous_2)","decl":{"start":{"line":46,"column":2},"end":{"line":46,"column":3}},"loc":{"start":{"line":46,"column":17},"end":{"line":48,"column":3}},"line":46}},"branchMap":{"0":{"loc":{"start":{"line":12,"column":46},"end":{"line":12,"column":92}},"type":"cond-expr","locations":[{"start":{"line":12,"column":70},"end":{"line":12,"column":73}},{"start":{"line":12,"column":76},"end":{"line":12,"column":92}}],"line":12},"1":{"loc":{"start":{"line":12,"column":46},"end":{"line":12,"column":67}},"type":"binary-expr","locations":[{"start":{"line":12,"column":46},"end":{"line":12,"column":49}},{"start":{"line":12,"column":53},"end":{"line":12,"column":67}}],"line":12}},"s":{"0":1,"1":1,"2":1,"3":1,"4":1,"5":1,"6":1,"7":1,"8":26,"9":1,"10":26,"11":1,"12":1},"f":{"0":1,"1":26,"2":26},"b":{"0":[0,1],"1":[1,1]},"inputSourceMap":{"version":3,"sources":["logger.js"],"names":["combine","timestamp","printf","align","format","options","file","level","filename","appRoot","handleExceptions","json","maxsize","maxFiles","colorize","console","logger","info","message","transports","File","Console","exitOnError","stream","write"],"mappings":";;;;;;;AAAA;;AACA;;;;AAEA,MAAM;AAAEA,EAAAA,OAAF;AAAWC,EAAAA,SAAX;AAAsBC,EAAAA,MAAtB;AAA8BC,EAAAA;AAA9B,IAAwCC,eAA9C;AAEA,MAAMC,OAAO,GAAG;AACZC,EAAAA,IAAI,EAAE;AACFC,IAAAA,KAAK,EAAE,MADL;AAEFC,IAAAA,QAAQ,EAAG,GAAEC,oBAAQ,eAFnB;AAGFC,IAAAA,gBAAgB,EAAE,IAHhB;AAIFC,IAAAA,IAAI,EAAE,IAJJ;AAKFC,IAAAA,OAAO,EAAE,OALP;AAKgB;AAClBC,IAAAA,QAAQ,EAAE,CANR;AAOFC,IAAAA,QAAQ,EAAE;AAPR,GADM;AAUZC,EAAAA,OAAO,EAAE;AACLR,IAAAA,KAAK,EAAE,OADF;AAELG,IAAAA,gBAAgB,EAAE,IAFb;AAGLC,IAAAA,IAAI,EAAE,KAHD;AAILG,IAAAA,QAAQ,EAAE;AAJL;AAVG,CAAhB;AAkBA,MAAME,MAAM,GAAG,2BAAa;AACxBZ,EAAAA,MAAM,EAAEJ,OAAO,CACXC,SAAS,CAAC;AAAEG,IAAAA,MAAM,EAAE;AAAV,GAAD,CADE,EAEXD,KAAK,EAFM,EAGXD,MAAM,CAAEe,IAAD,IAAW,GAAEA,IAAI,CAACV,KAAM,KAAI,CAACU,IAAI,CAAChB,SAAN,CAAiB,KAAIgB,IAAI,CAACC,OAAQ,EAA/D,CAHK,CADS;AAMxBC,EAAAA,UAAU,EAAE,CACR,IAAIA,oBAAWC,IAAf,CAAoBf,OAAO,CAACC,IAA5B,CADQ,EAER,IAAIa,oBAAWE,OAAf,CAAuBhB,OAAO,CAACU,OAA/B,CAFQ,CANY;AAUxBO,EAAAA,WAAW,EAAE;AAVW,CAAb,CAAf;AAaAN,MAAM,CAACO,MAAP,GAAgB;AACZC,EAAAA,KAAK,CAACN,OAAD,EAAU;AACXF,IAAAA,MAAM,CAACC,IAAP,CAAYC,OAAZ;AACH;;AAHW,CAAhB;eAMeF,M","sourceRoot":"/Users/victor/work/lendsqr-test/src/utilities/","sourcesContent":["import { createLogger, format, transports } from 'winston'\nimport appRoot from 'app-root-path'\n\nconst { combine, timestamp, printf, align } = format\n\nconst options = {\n    file: {\n        level: 'info',\n        filename: `${appRoot}/logs/app.log`,\n        handleExceptions: true,\n        json: true,\n        maxsize: 5242880, // 5MB\n        maxFiles: 5,\n        colorize: false,\n    },\n    console: {\n        level: 'debug',\n        handleExceptions: true,\n        json: false,\n        colorize: true,\n    },\n}\n\nconst logger = createLogger({\n    format: combine(\n        timestamp({ format: 'MM-DD-YYYY HH:mm:ss' }),\n        align(),\n        printf((info) => `${info.level}: ${[info.timestamp]}: ${info.message}`)\n    ),\n    transports: [\n        new transports.File(options.file),\n        new transports.Console(options.console),\n    ],\n    exitOnError: false,\n})\n\nlogger.stream = {\n    write(message) {\n        logger.info(message)\n    },\n}\n\nexport default logger\n"]},"_coverageSchema":"1a1c01bbd47fc00a2c39e90264f33305004495a9","hash":"4782d4bab665927f6c1803bc810485032af91649","contentHash":"2f9ea2c64f9141a8cc1688e26391c2377f6882846ff0368659579bf3f178fb9d"},"/Users/victor/work/lendsqr-test/src/utilities/responses.js":{"path":"/Users/victor/work/lendsqr-test/src/utilities/responses.js","statementMap":{"0":{"start":{"line":3,"column":0},"end":{"line":5,"column":3}},"1":{"start":{"line":6,"column":0},"end":{"line":6,"column":25}},"2":{"start":{"line":7,"column":18},"end":{"line":30,"column":1}},"3":{"start":{"line":10,"column":27},"end":{"line":15,"column":5}},"4":{"start":{"line":17,"column":4},"end":{"line":17,"column":26}},"5":{"start":{"line":21,"column":25},"end":{"line":26,"column":5}},"6":{"start":{"line":28,"column":4},"end":{"line":28,"column":24}},"7":{"start":{"line":31,"column":15},"end":{"line":31,"column":24}},"8":{"start":{"line":32,"column":0},"end":{"line":32,"column":27}}},"fnMap":{"0":{"name":"(anonymous_0)","decl":{"start":{"line":9,"column":11},"end":{"line":9,"column":12}},"loc":{"start":{"line":9,"column":42},"end":{"line":18,"column":3}},"line":9},"1":{"name":"(anonymous_1)","decl":{"start":{"line":20,"column":9},"end":{"line":20,"column":10}},"loc":{"start":{"line":20,"column":34},"end":{"line":29,"column":3}},"line":20}},"branchMap":{},"s":{"0":1,"1":1,"2":1,"3":20,"4":20,"5":0,"6":0,"7":1,"8":1},"f":{"0":20,"1":0},"b":{},"inputSourceMap":{"version":3,"sources":["responses.js"],"names":["responses","success","statusCode","message","data","successMessage","error","errorMessage"],"mappings":";;;;;;AAAA,MAAMA,SAAS,GAAG;AACd;AACAC,EAAAA,OAAO,EAAE,CAACC,UAAD,EAAaC,OAAb,EAAsBC,IAAtB,KAA+B;AACpC,UAAMC,cAAc,GAAG;AACnBC,MAAAA,KAAK,EAAE,KADY;AAEnBJ,MAAAA,UAFmB;AAGnBC,MAAAA,OAHmB;AAInBC,MAAAA;AAJmB,KAAvB,CADoC,CAOpC;;AACA,WAAOC,cAAP;AACH,GAXa;AAad;AACAC,EAAAA,KAAK,EAAE,CAACJ,UAAD,EAAaC,OAAb,KAAyB;AAC5B,UAAMI,YAAY,GAAG;AACjBD,MAAAA,KAAK,EAAE,IADU;AAEjBJ,MAAAA,UAFiB;AAGjBC,MAAAA,OAHiB;AAIjBC,MAAAA,IAAI,EAAE;AAJW,KAArB,CAD4B,CAO5B;;AACA,WAAOG,YAAP;AACH;AAvBa,CAAlB;eA0BeP,S","sourceRoot":"/Users/victor/work/lendsqr-test/src/utilities/","sourcesContent":["const responses = {\n    // success function\n    success: (statusCode, message, data) => {\n        const successMessage = {\n            error: false,\n            statusCode,\n            message,\n            data,\n        }\n        // function returns the success object\n        return successMessage\n    },\n\n    // error function\n    error: (statusCode, message) => {\n        const errorMessage = {\n            error: true,\n            statusCode,\n            message,\n            data: null,\n        }\n        // function returns the error object\n        return errorMessage\n    },\n}\n\nexport default responses\n"]},"_coverageSchema":"1a1c01bbd47fc00a2c39e90264f33305004495a9","hash":"e173555b8329493a7bb8707526eb35647fc03a59","contentHash":"d285b1d563c1d2903699c9e100f299551d43519677997937981f5cbf31791f45"},"/Users/victor/work/lendsqr-test/src/repository/user.js":{"path":"/Users/victor/work/lendsqr-test/src/repository/user.js","statementMap":{"0":{"start":{"line":3,"column":0},"end":{"line":5,"column":3}},"1":{"start":{"line":6,"column":0},"end":{"line":6,"column":25}},"2":{"start":{"line":8,"column":13},"end":{"line":8,"column":55}},"3":{"start":{"line":10,"column":39},"end":{"line":10,"column":93}},"4":{"start":{"line":15,"column":4},"end":{"line":20,"column":7}},"5":{"start":{"line":24,"column":4},"end":{"line":24,"column":56}},"6":{"start":{"line":28,"column":4},"end":{"line":28,"column":62}},"7":{"start":{"line":32,"column":4},"end":{"line":34,"column":7}},"8":{"start":{"line":39,"column":15},"end":{"line":39,"column":29}},"9":{"start":{"line":40,"column":0},"end":{"line":40,"column":27}}},"fnMap":{"0":{"name":"_interopRequireDefault","decl":{"start":{"line":10,"column":9},"end":{"line":10,"column":31}},"loc":{"start":{"line":10,"column":37},"end":{"line":10,"column":95}},"line":10},"1":{"name":"(anonymous_1)","decl":{"start":{"line":14,"column":2},"end":{"line":14,"column":3}},"loc":{"start":{"line":14,"column":47},"end":{"line":21,"column":3}},"line":14},"2":{"name":"(anonymous_2)","decl":{"start":{"line":23,"column":2},"end":{"line":23,"column":3}},"loc":{"start":{"line":23,"column":22},"end":{"line":25,"column":3}},"line":23},"3":{"name":"(anonymous_3)","decl":{"start":{"line":27,"column":2},"end":{"line":27,"column":3}},"loc":{"start":{"line":27,"column":28},"end":{"line":29,"column":3}},"line":27},"4":{"name":"(anonymous_4)","decl":{"start":{"line":31,"column":2},"end":{"line":31,"column":3}},"loc":{"start":{"line":31,"column":28},"end":{"line":35,"column":3}},"line":31}},"branchMap":{"0":{"loc":{"start":{"line":10,"column":46},"end":{"line":10,"column":92}},"type":"cond-expr","locations":[{"start":{"line":10,"column":70},"end":{"line":10,"column":73}},{"start":{"line":10,"column":76},"end":{"line":10,"column":92}}],"line":10},"1":{"loc":{"start":{"line":10,"column":46},"end":{"line":10,"column":67}},"type":"binary-expr","locations":[{"start":{"line":10,"column":46},"end":{"line":10,"column":49}},{"start":{"line":10,"column":53},"end":{"line":10,"column":67}}],"line":10}},"s":{"0":1,"1":1,"2":1,"3":1,"4":1,"5":13,"6":11,"7":10,"8":1,"9":1},"f":{"0":1,"1":1,"2":13,"3":11,"4":10},"b":{"0":[1,0],"1":[1,1]},"inputSourceMap":{"version":3,"sources":["user.js"],"names":["UserRepository","create","fullName","email","password","id","insert","findById","where","findByEmail","getUserAccount","join","select","owner"],"mappings":";;;;;;;AACA;;;;AADA;AAGA,MAAMA,cAAN,CAAqB;AACJ,SAANC,MAAM,CAACC,QAAD,EAAWC,KAAX,EAAkBC,QAAlB,EAA4BC,EAA5B,EAAgC;AACzC,WAAO,oBAAO,OAAP,EAAgBC,MAAhB,CAAuB;AAAEJ,MAAAA,QAAF;AAAYC,MAAAA,KAAZ;AAAmBC,MAAAA,QAAnB;AAA6BC,MAAAA;AAA7B,KAAvB,CAAP;AACH;;AAEc,SAARE,QAAQ,CAACF,EAAD,EAAK;AAChB,WAAO,oBAAO,OAAP,EAAgBG,KAAhB,CAAsB,IAAtB,EAA4BH,EAA5B,CAAP;AACH;;AAEiB,SAAXI,WAAW,CAACN,KAAD,EAAQ;AACtB,WAAO,oBAAO,OAAP,EAAgBK,KAAhB,CAAsB,OAAtB,EAA+BL,KAA/B,CAAP;AACH;;AAEoB,SAAdO,cAAc,CAACL,EAAD,EAAK;AACtB,WAAO,oBAAO,SAAP,EACFM,IADE,CACG,OADH,EACY,UADZ,EACwB,GADxB,EAC6B,eAD7B,EAEFC,MAFE,CAGC,UAHD,EAIC,gBAJD,EAKC,aALD,EAMC,wBAND,EAOC,iBAPD,EASFJ,KATE,CASI;AAAEK,MAAAA,KAAK,EAAER;AAAT,KATJ,CAAP;AAUH;;AAxBgB;;eA2BNL,c","sourceRoot":"/Users/victor/work/lendsqr-test/src/repository/","sourcesContent":["/* eslint-disable func-names */\nimport client from './index'\n\nclass UserRepository {\n    static create(fullName, email, password, id) {\n        return client('users').insert({ fullName, email, password, id })\n    }\n\n    static findById(id) {\n        return client('users').where('id', id)\n    }\n\n    static findByEmail(email) {\n        return client('users').where('email', email)\n    }\n\n    static getUserAccount(id) {\n        return client('wallets')\n            .join('users', 'users.id', '=', 'wallets.owner')\n            .select(\n                'users.id',\n                'users.fullName',\n                'users.email',\n                'wallets.id AS walletId',\n                'wallets.balance'\n            )\n            .where({ owner: id })\n    }\n}\n\nexport default UserRepository\n"]},"_coverageSchema":"1a1c01bbd47fc00a2c39e90264f33305004495a9","hash":"6513dcf7681c5039f142fad5e0834c7a530f6c0b","contentHash":"115c3702a666843933f2d5f28a97cccd6185bfe1f98b0ab7f716616d2f2f7788"},"/Users/victor/work/lendsqr-test/src/repository/index.js":{"path":"/Users/victor/work/lendsqr-test/src/repository/index.js","statementMap":{"0":{"start":{"line":3,"column":0},"end":{"line":5,"column":3}},"1":{"start":{"line":6,"column":0},"end":{"line":6,"column":25}},"2":{"start":{"line":8,"column":12},"end":{"line":8,"column":51}},"3":{"start":{"line":10,"column":17},"end":{"line":10,"column":67}},"4":{"start":{"line":12,"column":49},"end":{"line":12,"column":96}},"5":{"start":{"line":12,"column":84},"end":{"line":12,"column":96}},"6":{"start":{"line":12,"column":121},"end":{"line":12,"column":134}},"7":{"start":{"line":12,"column":159},"end":{"line":12,"column":172}},"8":{"start":{"line":12,"column":174},"end":{"line":12,"column":309}},"9":{"start":{"line":12,"column":234},"end":{"line":12,"column":292}},"10":{"start":{"line":14,"column":53},"end":{"line":14,"column":111}},"11":{"start":{"line":14,"column":98},"end":{"line":14,"column":109}},"12":{"start":{"line":14,"column":112},"end":{"line":14,"column":214}},"13":{"start":{"line":14,"column":188},"end":{"line":14,"column":212}},"14":{"start":{"line":14,"column":227},"end":{"line":14,"column":264}},"15":{"start":{"line":14,"column":266},"end":{"line":14,"column":321}},"16":{"start":{"line":14,"column":297},"end":{"line":14,"column":319}},"17":{"start":{"line":14,"column":335},"end":{"line":14,"column":337}},"18":{"start":{"line":14,"column":367},"end":{"line":14,"column":423}},"19":{"start":{"line":14,"column":425},"end":{"line":14,"column":726}},"20":{"start":{"line":14,"column":448},"end":{"line":14,"column":724}},"21":{"start":{"line":14,"column":534},"end":{"line":14,"column":606}},"22":{"start":{"line":14,"column":608},"end":{"line":14,"column":722}},"23":{"start":{"line":14,"column":646},"end":{"line":14,"column":687}},"24":{"start":{"line":14,"column":697},"end":{"line":14,"column":720}},"25":{"start":{"line":14,"column":727},"end":{"line":14,"column":748}},"26":{"start":{"line":14,"column":749},"end":{"line":14,"column":787}},"27":{"start":{"line":14,"column":762},"end":{"line":14,"column":785}},"28":{"start":{"line":14,"column":788},"end":{"line":14,"column":802}},"29":{"start":{"line":16,"column":39},"end":{"line":16,"column":93}},"30":{"start":{"line":18,"column":15},"end":{"line":18,"column":67}},"31":{"start":{"line":19,"column":15},"end":{"line":19,"column":21}},"32":{"start":{"line":20,"column":0},"end":{"line":20,"column":27}}},"fnMap":{"0":{"name":"_getRequireWildcardCache","decl":{"start":{"line":12,"column":9},"end":{"line":12,"column":33}},"loc":{"start":{"line":12,"column":47},"end":{"line":12,"column":311}},"line":12},"1":{"name":"(anonymous_1)","decl":{"start":{"line":12,"column":209},"end":{"line":12,"column":210}},"loc":{"start":{"line":12,"column":232},"end":{"line":12,"column":294}},"line":12},"2":{"name":"_interopRequireWildcard","decl":{"start":{"line":14,"column":9},"end":{"line":14,"column":32}},"loc":{"start":{"line":14,"column":51},"end":{"line":14,"column":804}},"line":14},"3":{"name":"_interopRequireDefault","decl":{"start":{"line":16,"column":9},"end":{"line":16,"column":31}},"loc":{"start":{"line":16,"column":37},"end":{"line":16,"column":95}},"line":16}},"branchMap":{"0":{"loc":{"start":{"line":12,"column":49},"end":{"line":12,"column":96}},"type":"if","locations":[{"start":{"line":12,"column":49},"end":{"line":12,"column":96}},{"start":{"line":12,"column":49},"end":{"line":12,"column":96}}],"line":12},"1":{"loc":{"start":{"line":12,"column":241},"end":{"line":12,"column":291}},"type":"cond-expr","locations":[{"start":{"line":12,"column":255},"end":{"line":12,"column":271}},{"start":{"line":12,"column":274},"end":{"line":12,"column":291}}],"line":12},"2":{"loc":{"start":{"line":14,"column":53},"end":{"line":14,"column":111}},"type":"if","locations":[{"start":{"line":14,"column":53},"end":{"line":14,"column":111}},{"start":{"line":14,"column":53},"end":{"line":14,"column":111}}],"line":14},"3":{"loc":{"start":{"line":14,"column":57},"end":{"line":14,"column":94}},"type":"binary-expr","locations":[{"start":{"line":14,"column":57},"end":{"line":14,"column":69}},{"start":{"line":14,"column":73},"end":{"line":14,"column":76}},{"start":{"line":14,"column":80},"end":{"line":14,"column":94}}],"line":14},"4":{"loc":{"start":{"line":14,"column":112},"end":{"line":14,"column":214}},"type":"if","locations":[{"start":{"line":14,"column":112},"end":{"line":14,"column":214}},{"start":{"line":14,"column":112},"end":{"line":14,"column":214}}],"line":14},"5":{"loc":{"start":{"line":14,"column":116},"end":{"line":14,"column":184}},"type":"binary-expr","locations":[{"start":{"line":14,"column":116},"end":{"line":14,"column":128}},{"start":{"lin
[...]
password,\n                newAccountPayload.email\n            )\n            const token1 = accountLogin.body.data.token\n            const amount = 5000\n            const res = await UserAction.fundWallet(amount, token1)\n            res.status.should.eql(status.OK)\n            res.body.data.should.be.a('object')\n            res.body.data.should.have.property('id')\n            res.body.data.should.have\n                .property('fullName')\n                .eql(newAccountPayload.fullName)\n            res.body.data.should.have\n                .property('email')\n                .eql(newAccountPayload.email)\n            res.body.data.should.have.property('walletId')\n            res.body.data.should.have.property('balance').eql(amount)\n            res.body.data.fullName.should.not.eql(null)\n            res.body.data.email.should.not.eql(null)\n            res.body.data.walletId.should.not.eql(null)\n            res.body.data.balance.should.not.eql(null)\n        })\n        it('Should throw an error', async () => {\n            const newAccountPayload = {\n                fullName: 'testuser1',\n                email: 'testuser1@gmail.com',\n                password: 'welcome@1',\n            }\n\n            const accountLogin = await authAction.login(\n                newAccountPayload.password,\n                newAccountPayload.email\n            )\n            const token1 = accountLogin.body.data.token\n            const amountTofund = 0\n            const res = await UserAction.fundWallet(amountTofund, token1)\n            const { amount } = res.body.errors[0]\n            res.status.should.eql(status.BAD_REQUEST)\n            res.body.errors.should.be.a('array')\n            amount.should.eql('amount must be greater than 0')\n        })\n    })\n    describe('POST Request: /user/transfer/funds', () => {\n        it('transfer funds', async () => {\n            const newAccountPayload2 = {\n                fullName: 'testuser1',\n                email: 'testuser1@gmail.com',\n                password: 'welcome@1',\n            }\n            const account2login = await authAction.login(\n                newAccountPayload2.password,\n                newAccountPayload2.email\n            )\n            const token2 = account2login.body.data.token\n            const account2 = await UserAction.getUserAcount(token2)\n            const account2Wallet = account2.body.data.walletId\n            const newAccountPayload = {\n                fullName: 'testuser3',\n                email: 'testuser3@gmail.com',\n                password: 'welcome@1',\n            }\n            const account1login = await authAction.login(\n                newAccountPayload.password,\n                newAccountPayload.email\n            )\n            const token1 = account1login.body.data.token\n            const amountToTransfer = 1000\n            await UserAction.fundWallet(amountToTransfer, token1)\n            const res = await UserAction.transferFunds(\n                amountToTransfer,\n                account2Wallet,\n                token1\n            )\n            res.status.should.eql(status.OK)\n            res.body.data.should.be.a('object')\n            res.body.data.should.have.property('id')\n            res.body.data.should.have\n                .property('fullName')\n                .eql(newAccountPayload.fullName)\n            res.body.data.should.have\n                .property('email')\n                .eql(newAccountPayload.email)\n            res.body.data.should.have.property('walletId')\n            res.body.data.should.have.property('balance').eql(0)\n            res.body.data.fullName.should.not.eql(null)\n            res.body.data.email.should.not.eql(null)\n            res.body.data.walletId.should.not.eql(null)\n            res.body.data.balance.should.not.eql(null)\n        })\n        it('should throw an error', async () => {\n            const newAccountPayload2 = {\n                fullName: 'testuser1',\n                email: 'testuser1@gmail.com',\n                password: 'welcome@1',\n            }\n            const account2login = await authAction.login(\n                newAccountPayload2.password,\n                newAccountPayload2.email\n            )\n            const token2 = account2login.body.data.token\n            const account2 = await UserAction.getUserAcount(token2)\n            const account2Wallet = account2.body.data.walletId\n            const newAccountPayload = {\n                fullName: 'testuser3',\n                email: 'testuser3@gmail.com',\n                password: 'welcome@1',\n            }\n            const account1login = await authAction.login(\n                newAccountPayload.password,\n                newAccountPayload.email\n            )\n            const token1 = account1login.body.data.token\n            const amountToTransfer = 0\n            await UserAction.fundWallet(amountToTransfer, token1)\n            const res = await UserAction.transferFunds(\n                amountToTransfer,\n                '',\n                token1\n            )\n            const { amount } = res.body.errors[0]\n            const { walletId } = res.body.errors[1]\n            res.status.should.eql(status.BAD_REQUEST)\n            res.body.errors.should.be.a('array')\n            amount.should.eql('amount must be greater than 0')\n            walletId.should.eql('walletId is required')\n        })\n    })\n\n    describe('POST Request: /withdraw/funds', () => {\n        it('withdraw Fund from wallet', async () => {\n            const newAccountPayload = {\n                fullName: 'testuser1',\n                email: 'testuser1@gmail.com',\n                password: 'welcome@1',\n            }\n            const accountLogin = await authAction.login(\n                newAccountPayload.password,\n                newAccountPayload.email\n            )\n            const token1 = accountLogin.body.data.token\n            const amount = 1000\n            await UserAction.fundWallet(amount, token1)\n            const res = await UserAction.withdrawFunds(amount, token1)\n            res.status.should.eql(status.OK)\n            res.body.data.should.be.a('object')\n            res.body.data.should.have.property('id')\n            res.body.data.should.have\n                .property('fullName')\n                .eql(newAccountPayload.fullName)\n            res.body.data.should.have\n                .property('email')\n                .eql(newAccountPayload.email)\n            res.body.data.should.have.property('walletId')\n            res.body.data.should.have.property('balance').eql(0)\n            res.body.data.fullName.should.not.eql(null)\n            res.body.data.email.should.not.eql(null)\n            res.body.data.walletId.should.not.eql(null)\n            res.body.data.balance.should.not.eql(null)\n        })\n        it('should throw an error', async () => {\n            const newAccountPayload = {\n                fullName: 'testuser1',\n                email: 'testuser1@gmail.com',\n                password: 'welcome@1',\n            }\n            const accountLogin = await authAction.login(\n                newAccountPayload.password,\n                newAccountPayload.email\n            )\n            const token1 = accountLogin.body.data.token\n            const amountToFund = 1000\n            const amountToWithdraw = 0\n            await UserAction.fundWallet(amountToFund, token1)\n            const res = await UserAction.withdrawFunds(amountToWithdraw, token1)\n            const { amount } = res.body.errors[0]\n            res.status.should.eql(status.BAD_REQUEST)\n            res.body.errors.should.be.a('array')\n            amount.should.eql('amount must be greater than 0')\n        })\n    })\n})\n"]},"_coverageSchema":"1a1c01bbd47fc00a2c39e90264f33305004495a9","hash":"88e38a0f638f32d4e978eab76df3143b27c8a5b0","contentHash":"98befc3dc127e428ca2920ac891d397c881d7cd611a3fd9ee3658292d0e713c0"},"/Users/victor/work/lendsqr-test/migrations/20220312193340_create_users_table.js":{"path":"/Users/victor/work/lendsqr-test/migrations/20220312193340_create_users_table.js","statementMap":{"0":{"start":{"line":9,"column":0},"end":{"line":18,"column":2}},"1":{"start":{"line":10,"column":2},"end":{"line":17,"column":5}},"2":{"start":{"line":11,"column":4},"end":{"line":11,"column":29}},"3":{"start":{"line":12,"column":4},"end":{"line":12,"column":26}},"4":{"start":{"line":13,"column":4},"end":{"line":13,"column":29}},"5":{"start":{"line":14,"column":4},"end":{"line":14,"column":59}},"6":{"start":{"line":15,"column":4},"end":{"line":15,"column":31}},"7":{"start":{"line":16,"column":4},"end":{"line":16,"column":26}},"8":{"start":{"line":25,"column":0},"end":{"line":27,"column":2}},"9":{"start":{"line":26,"column":2},"end":{"line":26,"column":40}}},"fnMap":{"0":{"name":"(anonymous_0)","decl":{"start":{"line":9,"column":13},"end":{"line":9,"column":14}},"loc":{"start":{"line":9,"column":29},"end":{"line":18,"column":1}},"line":9},"1":{"name":"(anonymous_1)","decl":{"start":{"line":10,"column":42},"end":{"line":10,"column":43}},"loc":{"start":{"line":10,"column":59},"end":{"line":17,"column":3}},"line":10},"2":{"name":"(anonymous_2)","decl":{"start":{"line":25,"column":15},"end":{"line":25,"column":16}},"loc":{"start":{"line":25,"column":31},"end":{"line":27,"column":1}},"line":25}},"branchMap":{},"s":{"0":1,"1":11,"2":11,"3":11,"4":11,"5":11,"6":11,"7":11,"8":1,"9":11},"f":{"0":11,"1":11,"2":11},"b":{},"inputSourceMap":{"version":3,"sources":["20220312193340_create_users_table.js"],"names":["exports","up","knex","schema","createTable","table","string","timestamp","defaultTo","fn","now","uuid","primary","unique","down","dropTable"],"mappings":";;AAAA;;AACA;AACA;AACA;AACA;AACAA,OAAO,CAACC,EAAR,GAAa,UAAUC,IAAV,EAAgB;AACzB,SAAOA,IAAI,CAACC,MAAL,CAAYC,WAAZ,CAAwB,OAAxB,EAAiC,UAAUC,KAAV,EAAiB;AACrDA,IAAAA,KAAK,CAACC,MAAN,CAAa,UAAb;AACAD,IAAAA,KAAK,CAACC,MAAN,CAAa,OAAb;AACAD,IAAAA,KAAK,CAACC,MAAN,CAAa,UAAb;AACAD,IAAAA,KAAK,CAACE,SAAN,CAAgB,YAAhB,EAA8BC,SAA9B,CAAwCN,IAAI,CAACO,EAAL,CAAQC,GAAR,EAAxC;AACAL,IAAAA,KAAK,CAACM,IAAN,CAAW,IAAX,EAAiBC,OAAjB;AACAP,IAAAA,KAAK,CAACQ,MAAN,CAAa,OAAb;AACH,GAPM,CAAP;AAQH,CATD;AAWA;AACA;AACA;AACA;;;AACAb,OAAO,CAACc,IAAR,GAAe,UAAUZ,IAAV,EAAgB;AAC3B,SAAOA,IAAI,CAACC,MAAL,CAAYY,SAAZ,CAAsB,OAAtB,CAAP;AACH,CAFD","sourceRoot":"/Users/victor/work/lendsqr-test/migrations/","sourcesContent":["/* eslint-disable func-names */\n/**\n * @param { import(\"knex\").Knex } knex\n * @returns { Promise<void> }\n */\nexports.up = function (knex) {\n    return knex.schema.createTable('users', function (table) {\n        table.string('fullName')\n        table.string('email')\n        table.string('password')\n        table.timestamp('created_at').defaultTo(knex.fn.now())\n        table.uuid('id').primary()\n        table.unique('email')\n    })\n}\n\n/**\n * @param { import(\"knex\").Knex } knex\n * @returns { Promise<void> }\n */\nexports.down = function (knex) {\n    return knex.schema.dropTable('users')\n}\n"]},"_coverageSchema":"1a1c01bbd47fc00a2c39e90264f33305004495a9","hash":"22f90ef2650e588800385f418fbe76c06235e6f6","contentHash":"f95acd33a49ac6429f29cf2e189413d8494d758c136c1c4de0deafeff060b2d8"},"/Users/victor/work/lendsqr-test/migrations/20220312214541_create_wallets_table.js":{"path":"/Users/victor/work/lendsqr-test/migrations/20220312214541_create_wallets_table.js","statementMap":{"0":{"start":{"line":7,"column":0},"end":{"line":15,"column":2}},"1":{"start":{"line":8,"column":2},"end":{"line":14,"column":5}},"2":{"start":{"line":9,"column":4},"end":{"line":9,"column":42}},"3":{"start":{"line":10,"column":4},"end":{"line":10,"column":26}},"4":{"start":{"line":11,"column":4},"end":{"line":11,"column":59}},"5":{"start":{"line":12,"column":4},"end":{"line":12,"column":31}},"6":{"start":{"line":13,"column":4},"end":{"line":13,"column":50}},"7":{"start":{"line":22,"column":0},"end":{"line":24,"column":2}},"8":{"start":{"line":23,"column":2},"end":{"line":23,"column":42}}},"fnMap":{"0":{"name":"(anonymous_0)","decl":{"start":{"line":7,"column":13},"end":{"line":7,"column":14}},"loc":{"start":{"line":7,"column":29},"end":{"line":15,"column":1}},"line":7},"1":{"name":"(anonymous_1)","decl":{"start":{"line":8,"column":44},"end":{"line":8,"column":45}},"loc":{"start":{"line":8,"column":61},"end":{"line":14,"column":3}},"line":8},"2":{"name":"(anonymous_2)","decl":{"start":{"line":22,"column":15},"end":{"line":22,"column":16}},"loc":{"start":{"line":22,"column":31},"end":{"line":24,"column":1}},"line":22}},"branchMap":{},"s":{"0":1,"1":11,"2":11,"3":11,"4":11,"5":11,"6":11,"7":1,"8":11},"f":{"0":11,"1":11,"2":11},"b":{},"inputSourceMap":{"version":3,"sources":["20220312214541_create_wallets_table.js"],"names":["exports","up","knex","schema","createTable","table","float","defaultTo","string","timestamp","fn","now","uuid","primary","foreign","references","down","dropTable"],"mappings":";;AAAA;AACA;AACA;AACA;AACAA,OAAO,CAACC,EAAR,GAAa,UAAUC,IAAV,EAAgB;AACzB,SAAOA,IAAI,CAACC,MAAL,CAAYC,WAAZ,CAAwB,SAAxB,EAAmC,UAAUC,KAAV,EAAiB;AACvDA,IAAAA,KAAK,CAACC,KAAN,CAAY,SAAZ,EAAuBC,SAAvB,CAAiC,GAAjC;AACAF,IAAAA,KAAK,CAACG,MAAN,CAAa,OAAb;AACAH,IAAAA,KAAK,CAACI,SAAN,CAAgB,YAAhB,EAA8BF,SAA9B,CAAwCL,IAAI,CAACQ,EAAL,CAAQC,GAAR,EAAxC;AACAN,IAAAA,KAAK,CAACO,IAAN,CAAW,IAAX,EAAiBC,OAAjB;AACAR,IAAAA,KAAK,CAACS,OAAN,CAAc,OAAd,EAAuBC,UAAvB,CAAkC,UAAlC;AACH,GANM,CAAP;AAOH,CARD;AAUA;AACA;AACA;AACA;;;AACAf,OAAO,CAACgB,IAAR,GAAe,UAAUd,IAAV,EAAgB;AAC3B,SAAOA,IAAI,CAACC,MAAL,CAAYc,SAAZ,CAAsB,SAAtB,CAAP;AACH,CAFD","sourceRoot":"/Users/victor/work/lendsqr-test/migrations/","sourcesContent":["/**\n * @param { import(\"knex\").Knex } knex\n * @returns { Promise<void> }\n */\nexports.up = function (knex) {\n    return knex.schema.createTable('wallets', function (table) {\n        table.float('balance').defaultTo(0.0)\n        table.string('owner')\n        table.timestamp('created_at').defaultTo(knex.fn.now())\n        table.uuid('id').primary()\n        table.foreign('owner').references('users.id')\n    })\n}\n\n/**\n * @param { import(\"knex\").Knex } knex\n * @returns { Promise<void> }\n */\nexports.down = function (knex) {\n    return knex.schema.dropTable('wallets')\n}\n"]},"_coverageSchema":"1a1c01bbd47fc00a2c39e90264f33305004495a9","hash":"964a1a750cce16958a5a2c406513dae0ec6531ed","contentHash":"b7fbdeaeaad96a9c99aee2f65fa46b0905d7a2888cdc317cb3f709fcf9115335"},"/Users/victor/work/lendsqr-test/seeds/users.js":{"path":"/Users/victor/work/lendsqr-test/seeds/users.js","statementMap":{"0":{"start":{"line":5,"column":4},"end":{"line":5,"column":21}},"1":{"start":{"line":7,"column":15},"end":{"line":7,"column":32}},"2":{"start":{"line":14,"column":0},"end":{"line":56,"column":2}},"3":{"start":{"line":15,"column":20},"end":{"line":20,"column":3}},"4":{"start":{"line":21,"column":21},"end":{"line":21,"column":45}},"5":{"start":{"line":22,"column":2},"end":{"line":22,"column":73}},"6":{"start":{"line":23,"column":20},"end":{"line":28,"column":3}},"7":{"start":{"line":29,"column":21},"end":{"line":29,"column":45}},"8":{"start":{"line":30,"column":2},"end":{"line":30,"column":73}},"9":{"start":{"line":31,"column":20},"end":{"line":36,"column":3}},"10":{"start":{"line":37,"column":21},"end":{"line":37,"column":45}},"11":{"start":{"line":38,"column":2},"end":{"line":38,"column":73}},"12":{"start":{"line":39,"column":18},"end":{"line":42,"column":3}},"13":{"start":{"line":43,"column":18},"end":{"line":46,"column":3}},"14":{"start":{"line":47,"column":18},"end":{"line":50,"column":3}},"15":{"start":{"line":52,"column":2},"end":{"line":52,"column":28}},"16":{"start":{"line":53,"column":2},"end":{"line":53,"column":30}},"17":{"start":{"line":54,"column":2},"end":{"line":54,"column":64}},"18":{"start":{"line":55,"column":2},"end":{"line":55,"column":60}}},"fnMap":{"0":{"name":"(anonymous_0)","decl":{"start":{"line":14,"column":15},"end":{"line":14,"column":16}},"loc":{"start":{"line":14,"column":37},"end":{"line":56,"column":1}},"line":14}},"branchMap":{},"s":{"0":1,"1":1,"2":1,"3":9,"4":9,"5":9,"6":9,"7":9,"8":9,"9":9,"10":9,"11":9,"12":9,"13":9,"14":9,"15":9,"16":9,"17":9,"18":9},"f":{"0":9},"b":{},"inputSourceMap":{"version":3,"sources":["users.js"],"names":["uuid","require","bcrypt","exports","seed","knex","testuser1","id","fullName","email","password","saltround1","genSalt","hash","testuser2","saltround2","testuser3","saltround3","wallet1","owner","wallet2","wallet3","del","insert"],"mappings":";;AAAA,MAAM;AAAEA,EAAAA;AAAF,IAAWC,OAAO,CAAC,QAAD,CAAxB;;AACA,MAAMC,MAAM,GAAGD,OAAO,CAAC,QAAD,CAAtB;AAEA;AACA;AACA;AACA;;;AACAE,OAAO,CAACC,IAAR,GAAe,gBAAgBC,IAAhB,EAAsB;AACjC,QAAMC,SAAS,GAAG;AACdC,IAAAA,EAAE,EAAEP,IAAI,EADM;AAEdQ,IAAAA,QAAQ,EAAE,WAFI;AAGdC,IAAAA,KAAK,EAAE,qBAHO;AAIdC,IAAAA,QAAQ,EAAE;AAJI,GAAlB;AAMA,QAAMC,UAAU,GAAG,MAAMT,MAAM,CAACU,OAAP,CAAe,EAAf,CAAzB;AACAN,EAAAA,SAAS,CAACI,QAAV,GAAqB,MAAMR,MAAM,CAACW,IAAP,CAAYP,SAAS,CAACI,QAAtB,EAAgCC,UAAhC,CAA3B;AACA,QAAMG,SAAS,GAAG;AACdP,IAAAA,EAAE,EAAEP,IAAI,EADM;AAEdQ,IAAAA,QAAQ,EAAE,WAFI;AAGdC,IAAAA,KAAK,EAAE,qBAHO;AAIdC,IAAAA,QAAQ,EAAE;AAJI,GAAlB;AAMA,QAAMK,UAAU,GAAG,MAAMb,MAAM,CAACU,OAAP,CAAe,EAAf,CAAzB;AACAE,EAAAA,SAAS,CAACJ,QAAV,GAAqB,MAAMR,MAAM,CAACW,IAAP,CAAYP,SAAS,CAACI,QAAtB,EAAgCK,UAAhC,CAA3B;AACA,QAAMC,SAAS,GAAG;AACdT,IAAAA,EAAE,EAAEP,IAAI,EADM;AAEdQ,IAAAA,QAAQ,EAAE,WAFI;AAGdC,IAAAA,KAAK,EAAE,qBAHO;AAIdC,IAAAA,QAAQ,EAAE;AAJI,GAAlB;AAMA,QAAMO,UAAU,GAAG,MAAMf,MAAM,CAACU,OAAP,CAAe,EAAf,CAAzB;AACAI,EAAAA,SAAS,CAACN,QAAV,GAAqB,MAAMR,MAAM,CAACW,IAAP,CAAYG,SAAS,CAACN,QAAtB,EAAgCO,UAAhC,CAA3B;AACA,QAAMC,OAAO,GAAG;AACZX,IAAAA,EAAE,EAAEP,IAAI,EADI;AAEZmB,IAAAA,KAAK,EAAEb,SAAS,CAACC;AAFL,GAAhB;AAIA,QAAMa,OAAO,GAAG;AACZb,IAAAA,EAAE,EAAEP,IAAI,EADI;AAEZmB,IAAAA,KAAK,EAAEL,SAAS,CAACP;AAFL,GAAhB;AAIA,QAAMc,OAAO,GAAG;AACZd,IAAAA,EAAE,EAAEP,IAAI,EADI;AAEZmB,IAAAA,KAAK,EAAEH,SAAS,CAACT;AAFL,GAAhB,CAjCiC,CAqCjC;;AACA,QAAMF,IAAI,CAAC,OAAD,CAAJ,CAAciB,GAAd,EAAN;AACA,QAAMjB,IAAI,CAAC,SAAD,CAAJ,CAAgBiB,GAAhB,EAAN;AACA,QAAMjB,IAAI,CAAC,OAAD,CAAJ,CAAckB,MAAd,CAAqB,CAACjB,SAAD,EAAYQ,SAAZ,EAAuBE,SAAvB,CAArB,CAAN;AACA,QAAMX,IAAI,CAAC,SAAD,CAAJ,CAAgBkB,MAAhB,CAAuB,CAACL,OAAD,EAAUE,OAAV,EAAmBC,OAAnB,CAAvB,CAAN;AACH,CA1CD","sourceRoot":"/Users/victor/work/lendsqr-test/seeds/","sourcesContent":["const { uuid } = require('uuidv4')\nconst bcrypt = require('bcrypt')\n\n/**\n * @param { import(\"knex\").Knex } knex\n * @returns { Promise<void> }\n */\nexports.seed = async function (knex) {\n    const testuser1 = {\n        id: uuid(),\n        fullName: 'testuser1',\n        email: 'testuser1@gmail.com',\n        password: 'welcome@1',\n    }\n    const saltround1 = await bcrypt.genSalt(10)\n    testuser1.password = await bcrypt.hash(testuser1.password, saltround1)\n    const testuser2 = {\n        id: uuid(),\n        fullName: 'testuser2',\n        email: 'testuser2@gmail.com',\n        password: 'welcome@1',\n    }\n    const saltround2 = await bcrypt.genSalt(10)\n    testuser2.password = await bcrypt.hash(testuser1.password, saltround2)\n    const testuser3 = {\n        id: uuid(),\n        fullName: 'testuser3',\n        email: 'testuser3@gmail.com',\n        password: 'welcome@1',\n    }\n    const saltround3 = await bcrypt.genSalt(10)\n    testuser3.password = await bcrypt.hash(testuser3.password, saltround3)\n    const wallet1 = {\n        id: uuid(),\n        owner: testuser1.id,\n    }\n    const wallet2 = {\n        id: uuid(),\n        owner: testuser2.id,\n    }\n    const wallet3 = {\n        id: uuid(),\n        owner: testuser3.id,\n    }\n    // Deletes ALL existing entries\n    await knex('users').del()\n    await knex('wallets').del()\n    await knex('users').insert([testuser1, testuser2, testuser3])\n    await knex('wallets').insert([wallet1, wallet2, wallet3])\n}\n"]},"_coverageSchema":"1a1c01bbd47fc00a2c39e90264f33305004495a9","hash":"a98d9ef8eea378327d47319817d85bf692282da3","contentHash":"5375dfc2f806bd12537196fbb6003c16676d78f8ef4021205652002bdabcf50b"}}